[0331/102232.303:ERROR:process_reader_win.cc(114)] NtOpenThread: {Access Denied} A process has requested access to an object, but has not been granted those access rights.  (0xc0000022)
[0331/102232.330:ERROR:exception_snapshot_win.cc(87)] thread ID 4048 not found in process
[0331/102232.330:WARNING:crash_report_exception_handler.cc(60)] ProcessSnapshotWin::Initialize failed
[0331/103901.955:ERROR:process_reader_win.cc(114)] NtOpenThread: {Access Denied} A process has requested access to an object, but has not been granted those access rights.  (0xc0000022)
[0331/103901.956:ERROR:exception_snapshot_win.cc(87)] thread ID 5616 not found in process
[0331/103901.956:WARNING:crash_report_exception_handler.cc(60)] ProcessSnapshotWin::Initialize failed
[0331/104522.808:ERROR:process_reader_win.cc(114)] NtOpenThread: {Access Denied} A process has requested access to an object, but has not been granted those access rights.  (0xc0000022)
[0331/104522.808:ERROR:exception_snapshot_win.cc(87)] thread ID 9868 not found in process
[0331/104522.808:WARNING:crash_report_exception_handler.cc(60)] ProcessSnapshotWin::Initialize failed
[0331/110127.692:ERROR:process_reader_win.cc(114)] NtOpenThread: {Access Denied} A process has requested access to an object, but has not been granted those access rights.  (0xc0000022)
[0331/110127.708:ERROR:exception_snapshot_win.cc(87)] thread ID 592 not found in process
[0331/110127.708:WARNING:crash_report_exception_handler.cc(60)] ProcessSnapshotWin::Initialize failed
[0405/163720.901:ERROR:process_info.cc(608)] range at 0xff2cf000, size 0x230 fully unreadable
[0405/163720.921:ERROR:process_reader_win.cc(233)] ReadMemory at 0xff2cf000 of 560 bytes failed: Only part of a ReadProcessMemory or WriteProcessMemory request was completed. (0x12B)
[0405/163720.927:ERROR:process_snapshot_win.cc(355)] ReadMemory PEB
[0405/163720.927:ERROR:process_reader_win.cc(233)] ReadMemory at 0xd70000 of 64 bytes failed: Only part of a ReadProcessMemory or WriteProcessMemory request was completed. (0x12B)
[0405/163720.927:WARNING:pe_image_reader.cc(281)] could not read dos header from C:\Program Files (x86)\Google\Chrome\Application\chrome.exe
[0405/163720.927:ERROR:process_reader_win.cc(233)] ReadMemory at 0x77370000 of 64 bytes failed: Only part of a ReadProcessMemory or WriteProcessMemory request was completed. (0x12B)
[0405/163720.927:WARNING:pe_image_reader.cc(281)] could not read dos header from C:\Windows\SYSTEM32\ntdll.dll
[0405/163720.927:ERROR:process_reader_win.cc(233)] ReadMemory at 0x75860000 of 64 bytes failed: Only part of a ReadProcessMemory or WriteProcessMemory request was completed. (0x12B)
[0405/163720.927:WARNING:pe_image_reader.cc(281)] could not read dos header from C:\Windows\SYSTEM32\KERNELBASE.dll
[0405/163720.927:ERROR:process_reader_win.cc(233)] ReadMemory at 0x745a0000 of 64 bytes failed: Only part of a ReadProcessMemory or WriteProcessMemory request was completed. (0x12B)
[0405/163720.927:WARNING:pe_image_reader.cc(281)] could not read dos header from C:\Windows\SYSTEM32\KERNEL32.DLL
[0405/163720.927:ERROR:process_reader_win.cc(233)] ReadMemory at 0x726e0000 of 64 bytes failed: Only part of a ReadProcessMemory or WriteProcessMemory request was completed. (0x12B)
[0405/163720.927:WARNING:pe_image_reader.cc(281)] could not read dos header from C:\Windows\system32\apphelp.dll
[0405/163720.927:ERROR:process_reader_win.cc(233)] ReadMemory at 0x75460000 of 64 bytes failed: Only part of a ReadProcessMemory or WriteProcessMemory request was completed. (0x12B)
[0405/163720.927:WARNING:pe_image_reader.cc(281)] could not read dos header from C:\Windows\SYSTEM32\msvcrt.dll
[0405/163720.927:ERROR:process_reader_win.cc(233)] ReadMemory at 0x726d0000 of 64 bytes failed: Only part of a ReadProcessMemory or WriteProcessMemory request was completed. (0x12B)
[0405/163720.927:WARNING:pe_image_reader.cc(281)] could not read dos header from C:\Windows\SYSTEM32\VERSION.dll
[0405/163720.927:ERROR:process_reader_win.cc(233)] ReadMemory at 0x685d0000 of 64 bytes failed: Only part of a ReadProcessMemory or WriteProcessMemory request was completed. (0x12B)
[0405/163720.948:WARNING:pe_image_reader.cc(281)] could not read dos header from C:\Program Files (x86)\Google\Chrome\Application\56.0.2924.87\chrome_elf.dll
[0405/163720.948:ERROR:process_reader_win.cc(233)] ReadMemory at 0x74410000 of 64 bytes failed: Only part of a ReadProcessMemory or WriteProcessMemory request was completed. (0x12B)
[0405/163720.948:WARNING:pe_image_reader.cc(281)] could not read dos header from C:\Windows\SYSTEM32\bcryptPrimitives.dll
[0405/163720.948:ERROR:process_reader_win.cc(233)] ReadMemory at 0x74470000 of 64 bytes failed: Only part of a ReadProcessMemory or WriteProcessMemory request was completed. (0x12B)
[0405/163720.948:WARNING:pe_image_reader.cc(281)] could not read dos header from C:\Windows\SYSTEM32\CRYPTBASE.dll
[0405/163720.948:ERROR:process_reader_win.cc(233)] ReadMemory at 0x74480000 of 64 bytes failed: Only part of a ReadProcessMemory or WriteProcessMemory request was completed. (0x12B)
[0405/163720.948:WARNING:pe_image_reader.cc(281)] could not read dos header from C:\Windows\SYSTEM32\SspiCli.dll
[0405/163720.948:ERROR:process_reader_win.cc(233)] ReadMemory at 0x744f0000 of 64 bytes failed: Only part of a ReadProcessMemory or WriteProcessMemory request was completed. (0x12B)
[0405/163720.948:WARNING:pe_image_reader.cc(281)] could not read dos header from C:\Windows\SYSTEM32\RPCRT4.dll
[0405/163720.948:ERROR:process_reader_win.cc(233)] ReadMemory at 0x744a0000 of 64 bytes failed: Only part of a ReadProcessMemory or WriteProcessMemory request was completed. (0x12B)
[0405/163720.948:WARNING:pe_image_reader.cc(281)] could not read dos header from C:\Windows\SYSTEM32\sechost.dll
[0405/163720.948:ERROR:process_reader_win.cc(233)] ReadMemory at 0x759e0000 of 64 bytes failed: Only part of a ReadProcessMemory or WriteProcessMemory request was completed. (0x12B)
[0405/163720.948:WARNING:pe_image_reader.cc(281)] could not read dos header from C:\Windows\SYSTEM32\ADVAPI32.dll
[0405/163720.948:ERROR:process_reader_win.cc(233)] ReadMemory at 0x74860000 of 64 bytes failed: Only part of a ReadProcessMemory or WriteProcessMemory request was completed. (0x12B)
[0405/163720.948:WARNING:pe_image_reader.cc(281)] could not read dos header from C:\Windows\SYSTEM32\PSAPI.DLL
[0405/163720.948:ERROR:process_reader_win.cc(233)] ReadMemory at 0x75180000 of 64 bytes failed: Only part of a ReadProcessMemory or WriteProcessMemory request was completed. (0x12B)
[0405/163720.948:WARNING:pe_image_reader.cc(281)] could not read dos header from C:\Windows\SYSTEM32\combase.dll
[0405/163720.948:ERROR:process_reader_win.cc(233)] ReadMemory at 0x75040000 of 64 bytes failed: Only part of a ReadProcessMemory or WriteProcessMemory request was completed. (0x12B)
[0405/163720.948:WARNING:pe_image_reader.cc(281)] could not read dos header from C:\Windows\SYSTEM32\USER32.dll
[0405/163720.948:ERROR:process_reader_win.cc(233)] ReadMemory at 0x75e60000 of 64 bytes failed: Only part of a ReadProcessMemory or WriteProcessMemory request was completed. (0x12B)
[0405/163720.948:WARNING:pe_image_reader.cc(281)] could not read dos header from C:\Windows\SYSTEM32\GDI32.dll
[0405/163720.948:ERROR:process_reader_win.cc(233)] ReadMemory at 0x75340000 of 64 bytes failed: Only part of a ReadProcessMemory or WriteProcessMemory request was completed. (0x12B)
[0405/163720.948:WARNING:pe_image_reader.cc(281)] could not read dos header from C:\Windows\SYSTEM32\MSCTF.dll
[0405/163720.948:ERROR:process_reader_win.cc(233)] ReadMemory at 0x74970000 of 64 bytes failed: Only part of a ReadProcessMemory or WriteProcessMemory request was completed. (0x12B)
[0405/163720.948:WARNING:pe_image_reader.cc(281)] could not read dos header from C:\Windows\SYSTEM32\IMM32.DLL
[0405/163720.948:ERROR:process_reader_win.cc(233)] ReadMemory at 0x75e10000 of 64 bytes failed: Only part of a ReadProcessMemory or WriteProcessMemory request was completed. (0x12B)
[0405/163720.948:WARNING:pe_image_reader.cc(281)] could not read dos header from C:\Windows\SYSTEM32\shlwapi.dll
[0405/163720.948:ERROR:process_reader_win.cc(233)] ReadMemory at 0x75a60000 of 64 bytes failed: Only part of a ReadProcessMemory or WriteProcessMemory request was completed. (0x12B)
[0405/163720.948:WARNING:pe_image_reader.cc(281)] could not read dos header from C:\Windows\SYSTEM32\kernel.appcore.dll
[0405/163720.948:ERROR:process_reader_win.cc(233)] ReadMemory at 0x75580000 of 64 bytes failed: Only part of a ReadProcessMemory or WriteProcessMemory request was completed. (0x12B)
[0405/163720.948:WARNING:pe_image_reader.cc(281)] could not read dos header from C:\Windows\SYSTEM32\shcore.dll
[0405/163720.949:ERROR:process_reader_win.cc(233)] ReadMemory at 0x75660000 of 64 bytes failed: Only part of a ReadProcessMemory or WriteProcessMemory request was completed. (0x12B)
[0405/163720.949:WARNING:pe_image_reader.cc(281)] could not read dos header from C:\Windows\SYSTEM32\powrprof.dll
[0405/163720.949:ERROR:process_reader_win.cc(233)] ReadMemory at 0x75a70000 of 64 bytes failed: Only part of a ReadProcessMemory or WriteProcessMemory request was completed. (0x12B)
[0405/163720.949:WARNING:pe_image_reader.cc(281)] could not read dos header from C:\Windows\SYSTEM32\profapi.dll
[0405/163720.949:ERROR:process_reader_win.cc(233)] ReadMemory at 0x74a00000 of 64 bytes failed: Only part of a ReadProcessMemory or WriteProcessMemory request was completed. (0x12B)
[0405/163720.949:WARNING:pe_image_reader.cc(281)] could not read dos header from C:\Windows\SYSTEM32\windows.storage.dll
[0405/163720.949:ERROR:process_reader_win.cc(233)] ReadMemory at 0x75fb0000 of 64 bytes failed: Only part of a ReadProcessMemory or WriteProcessMemory request was completed. (0x12B)
[0405/163720.949:WARNING:pe_image_reader.cc(281)] could not read dos header from C:\Windows\SYSTEM32\SHELL32.dll
[0405/163720.949:ERROR:process_reader_win.cc(233)] ReadMemory at 0x746a0000 of 64 bytes failed: Only part of a ReadProcessMemory or WriteProcessMemory request was completed. (0x12B)
[0405/163720.949:WARNING:pe_image_reader.cc(281)] could not read dos header from C:\Windows\SYSTEM32\cfgmgr32.dll
[0405/163720.949:ERROR:process_reader_win.cc(233)] ReadMemory at 0x71570000 of 64 bytes failed: Only part of a ReadProcessMemory or WriteProcessMemory request was completed. (0x12B)
[0405/163720.949:WARNING:pe_image_reader.cc(281)] could not read dos header from C:\Windows\SYSTEM32\DEVOBJ.dll
[0405/163720.949:ERROR:process_reader_win.cc(233)] ReadMemory at 0x6c930000 of 64 bytes failed: Only part of a ReadProcessMemory or WriteProcessMemory request was completed. (0x12B)
[0405/163720.949:WARNING:pe_image_reader.cc(281)] could not read dos header from C:\Windows\SYSTEM32\WINMMBASE.dll
[0405/163720.949:ERROR:process_reader_win.cc(233)] ReadMemory at 0x6c970000 of 64 bytes failed: Only part of a ReadProcessMemory or WriteProcessMemory request was completed. (0x12B)
[0405/163720.949:WARNING:pe_image_reader.cc(281)] could not read dos header from C:\Windows\SYSTEM32\WINMM.dll
[0405/163720.949:ERROR:process_reader_win.cc(233)] ReadMemory at 0x72ce0000 of 64 bytes failed: Only part of a ReadProcessMemory or WriteProcessMemory request was completed. (0x12B)
[0405/163720.949:WARNING:pe_image_reader.cc(281)] could not read dos header from C:\Windows\SYSTEM32\WTSAPI32.dll
[0405/163720.949:ERROR:process_reader_win.cc(233)] ReadMemory at 0x72e50000 of 64 bytes failed: Only part of a ReadProcessMemory or WriteProcessMemory request was completed. (0x12B)
[0405/163720.949:WARNING:pe_image_reader.cc(281)] could not read dos header from C:\Windows\SYSTEM32\USERENV.dll
[0405/163720.949:ERROR:process_reader_win.cc(233)] ReadMemory at 0x72830000 of 64 bytes failed: Only part of a ReadProcessMemory or WriteProcessMemory request was completed. (0x12B)
[0405/163720.949:WARNING:pe_image_reader.cc(281)] could not read dos header from C:\Windows\SYSTEM32\WINHTTP.dll
[0405/163720.949:ERROR:process_reader_win.cc(233)] ReadMemory at 0x74f50000 of 64 bytes failed: Only part of a ReadProcessMemory or WriteProcessMemory request was completed. (0x12B)
[0405/163720.949:WARNING:pe_image_reader.cc(281)] could not read dos header from C:\Windows\SYSTEM32\ole32.dll
[0405/163720.949:ERROR:process_reader_win.cc(233)] ReadMemory at 0x75cb0000 of 64 bytes failed: Only part of a ReadProcessMemory or WriteProcessMemory request was completed. (0x12B)
[0405/163720.949:WARNING:pe_image_reader.cc(281)] could not read dos header from C:\Windows\SYSTEM32\OLEAUT32.dll
[0405/163720.949:ERROR:process_reader_win.cc(233)] ReadMemory at 0x74690000 of 64 bytes failed: Only part of a ReadProcessMemory or WriteProcessMemory request was completed. (0x12B)
[0405/163720.949:WARNING:pe_image_reader.cc(281)] could not read dos header from C:\Windows\SYSTEM32\NSI.dll
[0405/163720.949:ERROR:process_reader_win.cc(233)] ReadMemory at 0x75520000 of 64 bytes failed: Only part of a ReadProcessMemory or WriteProcessMemory request was completed. (0x12B)
[0405/163720.949:WARNING:pe_image_reader.cc(281)] could not read dos header from C:\Windows\SYSTEM32\WS2_32.dll
[0405/163720.949:ERROR:process_reader_win.cc(233)] ReadMemory at 0x72280000 of 64 bytes failed: Only part of a ReadProcessMemory or WriteProcessMemory request was completed. (0x12B)
[0405/163720.949:WARNING:pe_image_reader.cc(281)] could not read dos header from C:\Windows\WinSxS\x86_microsoft.windows.common-controls_6595b64144ccf1df_6.0.10240.16384_none_3bccb1ff6bcd1849\COMCTL32.dll
[0405/163720.949:ERROR:process_reader_win.cc(233)] ReadMemory at 0x75d50000 of 64 bytes failed: Only part of a ReadProcessMemory or WriteProcessMemory request was completed. (0x12B)
[0405/163720.949:WARNING:pe_image_reader.cc(281)] could not read dos header from C:\Windows\SYSTEM32\COMDLG32.dll
[0405/163720.949:ERROR:process_reader_win.cc(233)] ReadMemory at 0x73be0000 of 64 bytes failed: Only part of a ReadProcessMemory or WriteProcessMemory request was completed. (0x12B)
[0405/163720.949:WARNING:pe_image_reader.cc(281)] could not read dos header from C:\Windows\SYSTEM32\dbghelp.dll
[0405/163720.949:ERROR:process_reader_win.cc(233)] ReadMemory at 0x69b80000 of 64 bytes failed: Only part of a ReadProcessMemory or WriteProcessMemory request was completed. (0x12B)
[0405/163720.949:WARNING:pe_image_reader.cc(281)] could not read dos header from C:\Windows\SYSTEM32\USP10.dll
[0405/163720.949:ERROR:process_reader_win.cc(233)] ReadMemory at 0x73ae0000 of 64 bytes failed: Only part of a ReadProcessMemory or WriteProcessMemory request was completed. (0x12B)
[0405/163720.949:WARNING:pe_image_reader.cc(281)] could not read dos header from C:\Windows\SYSTEM32\bcrypt.dll
[0405/163720.949:ERROR:process_reader_win.cc(233)] ReadMemory at 0x6a3b0000 of 64 bytes failed: Only part of a ReadProcessMemory or WriteProcessMemory request was completed. (0x12B)
[0405/163720.949:WARNING:pe_image_reader.cc(281)] could not read dos header from C:\Windows\SYSTEM32\WINSPOOL.DRV
[0405/163720.949:ERROR:process_reader_win.cc(233)] ReadMemory at 0x73b00000 of 64 bytes failed: Only part of a ReadProcessMemory or WriteProcessMemory request was completed. (0x12B)
[0405/163720.950:WARNING:pe_image_reader.cc(281)] could not read dos header from C:\Windows\SYSTEM32\WINNSI.DLL
[0405/163720.950:ERROR:process_reader_win.cc(233)] ReadMemory at 0x73490000 of 64 bytes failed: Only part of a ReadProcessMemory or WriteProcessMemory request was completed. (0x12B)
[0405/163720.950:WARNING:pe_image_reader.cc(281)] could not read dos header from C:\Windows\SYSTEM32\IPHLPAPI.DLL
[0405/163720.950:ERROR:process_reader_win.cc(233)] ReadMemory at 0x725e0000 of 64 bytes failed: Only part of a ReadProcessMemory or WriteProcessMemory request was completed. (0x12B)
[0405/163720.950:WARNING:pe_image_reader.cc(281)] could not read dos header from C:\Windows\SYSTEM32\Secur32.dll
[0405/163720.950:ERROR:process_reader_win.cc(233)] ReadMemory at 0x5d8d0000 of 64 bytes failed: Only part of a ReadProcessMemory or WriteProcessMemory request was completed. (0x12B)
[0405/163720.950:WARNING:pe_image_reader.cc(281)] could not read dos header from C:\Windows\SYSTEM32\DWrite.dll
[0405/163720.950:ERROR:process_reader_win.cc(233)] ReadMemory at 0x6eef0000 of 64 bytes failed: Only part of a ReadProcessMemory or WriteProcessMemory request was completed. (0x12B)
[0405/163720.950:WARNING:pe_image_reader.cc(281)] could not read dos header from C:\Windows\SYSTEM32\FONTSUB.dll
[0405/163720.950:ERROR:process_reader_win.cc(233)] ReadMemory at 0x74960000 of 64 bytes failed: Only part of a ReadProcessMemory or WriteProcessMemory request was completed. (0x12B)
[0405/163720.950:WARNING:pe_image_reader.cc(281)] could not read dos header from C:\Windows\SYSTEM32\MSASN1.dll
[0405/163720.950:ERROR:process_reader_win.cc(233)] ReadMemory at 0x746e0000 of 64 bytes failed: Only part of a ReadProcessMemory or WriteProcessMemory request was completed. (0x12B)
[0405/163720.950:WARNING:pe_image_reader.cc(281)] could not read dos header from C:\Windows\SYSTEM32\CRYPT32.dll
[0405/163720.950:ERROR:process_reader_win.cc(233)] ReadMemory at 0x75610000 of 64 bytes failed: Only part of a ReadProcessMemory or WriteProcessMemory request was completed. (0x12B)
[0405/163720.950:WARNING:pe_image_reader.cc(281)] could not read dos header from C:\Windows\SYSTEM32\WINTRUST.dll
[0405/163720.950:ERROR:process_reader_win.cc(233)] ReadMemory at 0x57d00000 of 64 bytes failed: Only part of a ReadProcessMemory or WriteProcessMemory request was completed. (0x12B)
[0405/163720.950:WARNING:pe_image_reader.cc(281)] could not read dos header from C:\Program Files (x86)\Google\Chrome\Application\56.0.2924.87\chrome_child.dll
[0405/163720.950:ERROR:process_reader_win.cc(233)] ReadMemory at 0x77478b80 of 5888 bytes failed: Only part of a ReadProcessMemory or WriteProcessMemory request was completed. (0x12B)
[0405/163720.950:ERROR:process_reader_win.cc(233)] ReadMemory at 0xd70000 of 64 bytes failed: Only part of a ReadProcessMemory or WriteProcessMemory request was completed. (0x12B)
[0405/163720.950:WARNING:pe_image_reader.cc(281)] could not read dos header from C:\Program Files (x86)\Google\Chrome\Application\chrome.exe
[0405/163720.950:ERROR:process_reader_win.cc(233)] ReadMemory at 0x77370000 of 64 bytes failed: Only part of a ReadProcessMemory or WriteProcessMemory request was completed. (0x12B)
[0405/163720.950:WARNING:pe_image_reader.cc(281)] could not read dos header from C:\Windows\SYSTEM32\ntdll.dll
[0405/163720.950:ERROR:process_reader_win.cc(233)] ReadMemory at 0x75860000 of 64 bytes failed: Only part of a ReadProcessMemory or WriteProcessMemory request was completed. (0x12B)
[0405/163720.950:WARNING:pe_image_reader.cc(281)] could not read dos header from C:\Windows\SYSTEM32\KERNELBASE.dll
[0405/163720.950:ERROR:process_reader_win.cc(233)] ReadMemory at 0x745a0000 of 64 bytes failed: Only part of a ReadProcessMemory or WriteProcessMemory request was completed. (0x12B)
[0405/163720.950:WARNING:pe_image_reader.cc(281)] could not read dos header from C:\Windows\SYSTEM32\KERNEL32.DLL
[0405/163720.950:ERROR:process_reader_win.cc(233)] ReadMemory at 0x726e0000 of 64 bytes failed: Only part of a ReadProcessMemory or WriteProcessMemory request was completed. (0x12B)
[0405/163720.950:WARNING:pe_image_reader.cc(281)] could not read dos header from C:\Windows\system32\apphelp.dll
[0405/163720.950:ERROR:process_reader_win.cc(233)] ReadMemory at 0x75460000 of 64 bytes failed: Only part of a ReadProcessMemory or WriteProcessMemory request was completed. (0x12B)
[0405/163720.950:WARNING:pe_image_reader.cc(281)] could not read dos header from C:\Windows\SYSTEM32\msvcrt.dll
[0405/163720.950:ERROR:process_reader_win.cc(233)] ReadMemory at 0x726d0000 of 64 bytes failed: Only part of a ReadProcessMemory or WriteProcessMemory request was completed. (0x12B)
[0405/163720.950:WARNING:pe_image_reader.cc(281)] could not read dos header from C:\Windows\SYSTEM32\VERSION.dll
[0405/163720.950:ERROR:process_reader_win.cc(233)] ReadMemory at 0x685d0000 of 64 bytes failed: Only part of a ReadProcessMemory or WriteProcessMemory request was completed. (0x12B)
[0405/163720.950:WARNING:pe_image_reader.cc(281)] could not read dos header from C:\Program Files (x86)\Google\Chrome\Application\56.0.2924.87\chrome_elf.dll
[0405/163720.950:ERROR:process_reader_win.cc(233)] ReadMemory at 0x74410000 of 64 bytes failed: Only part of a ReadProcessMemory or WriteProcessMemory request was completed. (0x12B)
[0405/163720.950:WARNING:pe_image_reader.cc(281)] could not read dos header from C:\Windows\SYSTEM32\bcryptPrimitives.dll
[0405/163720.950:ERROR:process_reader_win.cc(233)] ReadMemory at 0x74470000 of 64 bytes failed: Only part of a ReadProcessMemory or WriteProcessMemory request was completed. (0x12B)
[0405/163720.950:WARNING:pe_image_reader.cc(281)] could not read dos header from C:\Windows\SYSTEM32\CRYPTBASE.dll
[0405/163720.950:ERROR:process_reader_win.cc(233)] ReadMemory at 0x74480000 of 64 bytes failed: Only part of a ReadProcessMemory or WriteProcessMemory request was completed. (0x12B)
[0405/163720.950:WARNING:pe_image_reader.cc(281)] could not read dos header from C:\Windows\SYSTEM32\SspiCli.dll
[0405/163720.950:ERROR:process_reader_win.cc(233)] ReadMemory at 0x744f0000 of 64 bytes failed: Only part of a ReadProcessMemory or WriteProcessMemory request was completed. (0x12B)
[0405/163720.950:WARNING:pe_image_reader.cc(281)] could not read dos header from C:\Windows\SYSTEM32\RPCRT4.dll
[0405/163720.950:ERROR:process_reader_win.cc(233)] ReadMemory at 0x744a0000 of 64 bytes failed: Only part of a ReadProcessMemory or WriteProcessMemory request was completed. (0x12B)
[0405/163720.950:WARNING:pe_image_reader.cc(281)] could not read dos header from C:\Windows\SYSTEM32\sechost.dll
[0405/163720.950:ERROR:process_reader_win.cc(233)] ReadMemory at 0x759e0000 of 64 bytes failed: Only part of a ReadProcessMemory or WriteProcessMemory request was completed. (0x12B)
[0405/163720.950:WARNING:pe_image_reader.cc(281)] could not read dos header from C:\Windows\SYSTEM32\ADVAPI32.dll
[0405/163720.950:ERROR:process_reader_win.cc(233)] ReadMemory at 0x74860000 of 64 bytes failed: Only part of a ReadProcessMemory or WriteProcessMemory request was completed. (0x12B)
[0405/163720.950:WARNING:pe_image_reader.cc(281)] could not read dos header from C:\Windows\SYSTEM32\PSAPI.DLL
[0405/163720.950:ERROR:process_reader_win.cc(233)] ReadMemory at 0x75180000 of 64 bytes failed: Only part of a ReadProcessMemory or WriteProcessMemory request was completed. (0x12B)
[0405/163720.950:WARNING:pe_image_reader.cc(281)] could not read dos header from C:\Windows\SYSTEM32\combase.dll
[0405/163720.950:ERROR:process_reader_win.cc(233)] ReadMemory at 0x75040000 of 64 bytes failed: Only part of a ReadProcessMemory or WriteProcessMemory request was completed. (0x12B)
[0405/163720.950:WARNING:pe_image_reader.cc(281)] could not read dos header from C:\Windows\SYSTEM32\USER32.dll
[0405/163720.950:ERROR:process_reader_win.cc(233)] ReadMemory at 0x75e60000 of 64 bytes failed: Only part of a ReadProcessMemory or WriteProcessMemory request was completed. (0x12B)
[0405/163720.950:WARNING:pe_image_reader.cc(281)] could not read dos header from C:\Windows\SYSTEM32\GDI32.dll
[0405/163720.950:ERROR:process_reader_win.cc(233)] ReadMemory at 0x75340000 of 64 bytes failed: Only part of a ReadProcessMemory or WriteProcessMemory request was completed. (0x12B)
[0405/163720.950:WARNING:pe_image_reader.cc(281)] could not read dos header from C:\Windows\SYSTEM32\MSCTF.dll
[0405/163720.950:ERROR:process_reader_win.cc(233)] ReadMemory at 0x74970000 of 64 bytes failed: Only part of a ReadProcessMemory or WriteProcessMemory request was completed. (0x12B)
[0405/163720.950:WARNING:pe_image_reader.cc(281)] could not read dos header from C:\Windows\SYSTEM32\IMM32.DLL
[0405/163720.950:ERROR:process_reader_win.cc(233)] ReadMemory at 0x75e10000 of 64 bytes failed: Only part of a ReadProcessMemory or WriteProcessMemory request was completed. (0x12B)
[0405/163720.950:WARNING:pe_image_reader.cc(281)] could not read dos header from C:\Windows\SYSTEM32\shlwapi.dll
[0405/163720.950:ERROR:process_reader_win.cc(233)] ReadMemory at 0x75a60000 of 64 bytes failed: Only part of a ReadProcessMemory or WriteProcessMemory request was completed. (0x12B)
[0405/163720.950:WARNING:pe_image_reader.cc(281)] could not read dos header from C:\Windows\SYSTEM32\kernel.appcore.dll
[0405/163720.950:ERROR:process_reader_win.cc(233)] ReadMemory at 0x75580000 of 64 bytes failed: Only part of a ReadProcessMemory or WriteProcessMemory request was completed. (0x12B)
[0405/163720.950:WARNING:pe_image_reader.cc(281)] could not read dos header from C:\Windows\SYSTEM32\shcore.dll
[0405/163720.950:ERROR:process_reader_win.cc(233)] ReadMemory at 0x75660000 of 64 bytes failed: Only part of a ReadProcessMemory or WriteProcessMemory request was completed. (0x12B)
[0405/163720.950:WARNING:pe_image_reader.cc(281)] could not read dos header from C:\Windows\SYSTEM32\powrprof.dll
[0405/163720.950:ERROR:process_reader_win.cc(233)] ReadMemory at 0x75a70000 of 64 bytes failed: Only part of a ReadProcessMemory or WriteProcessMemory request was completed. (0x12B)
[0405/163720.950:WARNING:pe_image_reader.cc(281)] could not read dos header from C:\Windows\SYSTEM32\profapi.dll
[0405/163720.950:ERROR:process_reader_win.cc(233)] ReadMemory at 0x74a00000 of 64 bytes failed: Only part of a ReadProcessMemory or WriteProcessMemory request was completed. (0x12B)
[0405/163720.950:WARNING:pe_image_reader.cc(281)] could not read dos header from C:\Windows\SYSTEM32\windows.storage.dll
[0405/163720.950:ERROR:process_reader_win.cc(233)] ReadMemory at 0x75fb0000 of 64 bytes failed: Only part of a ReadProcessMemory or WriteProcessMemory request was completed. (0x12B)
[0405/163720.951:WARNING:pe_image_reader.cc(281)] could not read dos header from C:\Windows\SYSTEM32\SHELL32.dll
[0405/163720.951:ERROR:process_reader_win.cc(233)] ReadMemory at 0x746a0000 of 64 bytes failed: Only part of a ReadProcessMemory or WriteProcessMemory request was completed. (0x12B)
[0405/163720.951:WARNING:pe_image_reader.cc(281)] could not read dos header from C:\Windows\SYSTEM32\cfgmgr32.dll
[0405/163720.951:ERROR:process_reader_win.cc(233)] ReadMemory at 0x71570000 of 64 bytes failed: Only part of a ReadProcessMemory or WriteProcessMemory request was completed. (0x12B)
[0405/163720.951:WARNING:pe_image_reader.cc(281)] could not read dos header from C:\Windows\SYSTEM32\DEVOBJ.dll
[0405/163720.951:ERROR:process_reader_win.cc(233)] ReadMemory at 0x6c930000 of 64 bytes failed: Only part of a ReadProcessMemory or WriteProcessMemory request was completed. (0x12B)
[0405/163720.951:WARNING:pe_image_reader.cc(281)] could not read dos header from C:\Windows\SYSTEM32\WINMMBASE.dll
[0405/163720.951:ERROR:process_reader_win.cc(233)] ReadMemory at 0x6c970000 of 64 bytes failed: Only part of a ReadProcessMemory or WriteProcessMemory request was completed. (0x12B)
[0405/163720.951:WARNING:pe_image_reader.cc(281)] could not read dos header from C:\Windows\SYSTEM32\WINMM.dll
[0405/163720.951:ERROR:process_reader_win.cc(233)] ReadMemory at 0x72ce0000 of 64 bytes failed: Only part of a ReadProcessMemory or WriteProcessMemory request was completed. (0x12B)
[0405/163720.951:WARNING:pe_image_reader.cc(281)] could not read dos header from C:\Windows\SYSTEM32\WTSAPI32.dll
[0405/163720.951:ERROR:process_reader_win.cc(233)] ReadMemory at 0x72e50000 of 64 bytes failed: Only part of a ReadProcessMemory or WriteProcessMemory request was completed. (0x12B)
[0405/163720.951:WARNING:pe_image_reader.cc(281)] could not read dos header from C:\Windows\SYSTEM32\USERENV.dll
[0405/163720.951:ERROR:process_reader_win.cc(233)] ReadMemory at 0x72830000 of 64 bytes failed: Only part of a ReadProcessMemory or WriteProcessMemory request was completed. (0x12B)
[0405/163720.951:WARNING:pe_image_reader.cc(281)] could not read dos header from C:\Windows\SYSTEM32\WINHTTP.dll
[0405/163720.951:ERROR:process_reader_win.cc(233)] ReadMemory at 0x74f50000 of 64 bytes failed: Only part of a ReadProcessMemory or WriteProcessMemory request was completed. (0x12B)
[0405/163720.951:WARNING:pe_image_reader.cc(281)] could not read dos header from C:\Windows\SYSTEM32\ole32.dll
[0405/163720.951:ERROR:process_reader_win.cc(233)] ReadMemory at 0x75cb0000 of 64 bytes failed: Only part of a ReadProcessMemory or WriteProcessMemory request was completed. (0x12B)
[0405/163720.951:WARNING:pe_image_reader.cc(281)] could not read dos header from C:\Windows\SYSTEM32\OLEAUT32.dll
[0405/163720.951:ERROR:process_reader_win.cc(233)] ReadMemory at 0x74690000 of 64 bytes failed: Only part of a ReadProcessMemory or WriteProcessMemory request was completed. (0x12B)
[0405/163720.951:WARNING:pe_image_reader.cc(281)] could not read dos header from C:\Windows\SYSTEM32\NSI.dll
[0405/163720.951:ERROR:process_reader_win.cc(233)] ReadMemory at 0x75520000 of 64 bytes failed: Only part of a ReadProcessMemory or WriteProcessMemory request was completed. (0x12B)
[0405/163720.951:WARNING:pe_image_reader.cc(281)] could not read dos header from C:\Windows\SYSTEM32\WS2_32.dll
[0405/163720.951:ERROR:process_reader_win.cc(233)] ReadMemory at 0x72280000 of 64 bytes failed: Only part of a ReadProcessMemory or WriteProcessMemory request was completed. (0x12B)
[0405/163720.951:WARNING:pe_image_reader.cc(281)] could not read dos header from C:\Windows\WinSxS\x86_microsoft.windows.common-controls_6595b64144ccf1df_6.0.10240.16384_none_3bccb1ff6bcd1849\COMCTL32.dll
[0405/163720.951:ERROR:process_reader_win.cc(233)] ReadMemory at 0x75d50000 of 64 bytes failed: Only part of a ReadProcessMemory or WriteProcessMemory request was completed. (0x12B)
[0405/163720.951:WARNING:pe_image_reader.cc(281)] could not read dos header from C:\Windows\SYSTEM32\COMDLG32.dll
[0405/163720.951:ERROR:process_reader_win.cc(233)] ReadMemory at 0x73be0000 of 64 bytes failed: Only part of a ReadProcessMemory or WriteProcessMemory request was completed. (0x12B)
[0405/163720.951:WARNING:pe_image_reader.cc(281)] could not read dos header from C:\Windows\SYSTEM32\dbghelp.dll
[0405/163720.951:ERROR:process_reader_win.cc(233)] ReadMemory at 0x69b80000 of 64 bytes failed: Only part of a ReadProcessMemory or WriteProcessMemory request was completed. (0x12B)
[0405/163720.951:WARNING:pe_image_reader.cc(281)] could not read dos header from C:\Windows\SYSTEM32\USP10.dll
[0405/163720.951:ERROR:process_reader_win.cc(233)] ReadMemory at 0x73ae0000 of 64 bytes failed: Only part of a ReadProcessMemory or WriteProcessMemory request was completed. (0x12B)
[0405/163720.951:WARNING:pe_image_reader.cc(281)] could not read dos header from C:\Windows\SYSTEM32\bcrypt.dll
[0405/163720.951:ERROR:process_reader_win.cc(233)] ReadMemory at 0x6a3b0000 of 64 bytes failed: Only part of a ReadProcessMemory or WriteProcessMemory request was completed. (0x12B)
[0405/163720.951:WARNING:pe_image_reader.cc(281)] could not read dos header from C:\Windows\SYSTEM32\WINSPOOL.DRV
[0405/163720.951:ERROR:process_reader_win.cc(233)] ReadMemory at 0x73b00000 of 64 bytes failed: Only part of a ReadProcessMemory or WriteProcessMemory request was completed. (0x12B)
[0405/163720.951:WARNING:pe_image_reader.cc(281)] could not read dos header from C:\Windows\SYSTEM32\WINNSI.DLL
[0405/163720.951:ERROR:process_reader_win.cc(233)] ReadMemory at 0x73490000 of 64 bytes failed: Only part of a ReadProcessMemory or WriteProcessMemory request was completed. (0x12B)
[0405/163720.951:WARNING:pe_image_reader.cc(281)] could not read dos header from C:\Windows\SYSTEM32\IPHLPAPI.DLL
[0405/163720.951:ERROR:process_reader_win.cc(233)] ReadMemory at 0x725e0000 of 64 bytes failed: Only part of a ReadProcessMemory or WriteProcessMemory request was completed. (0x12B)
[0405/163720.951:WARNING:pe_image_reader.cc(281)] could not read dos header from C:\Windows\SYSTEM32\Secur32.dll
[0405/163720.951:ERROR:process_reader_win.cc(233)] ReadMemory at 0x5d8d0000 of 64 bytes failed: Only part of a ReadProcessMemory or WriteProcessMemory request was completed. (0x12B)
[0405/163720.951:WARNING:pe_image_reader.cc(281)] could not read dos header from C:\Windows\SYSTEM32\DWrite.dll
[0405/163720.951:ERROR:process_reader_win.cc(233)] ReadMemory at 0x6eef0000 of 64 bytes failed: Only part of a ReadProcessMemory or WriteProcessMemory request was completed. (0x12B)
[0405/163720.951:WARNING:pe_image_reader.cc(281)] could not read dos header from C:\Windows\SYSTEM32\FONTSUB.dll
[0405/163720.951:ERROR:process_reader_win.cc(233)] ReadMemory at 0x74960000 of 64 bytes failed: Only part of a ReadProcessMemory or WriteProcessMemory request was completed. (0x12B)
[0405/163720.951:WARNING:pe_image_reader.cc(281)] could not read dos header from C:\Windows\SYSTEM32\MSASN1.dll
[0405/163720.951:ERROR:process_reader_win.cc(233)] ReadMemory at 0x746e0000 of 64 bytes failed: Only part of a ReadProcessMemory or WriteProcessMemory request was completed. (0x12B)
[0405/163720.951:WARNING:pe_image_reader.cc(281)] could not read dos header from C:\Windows\SYSTEM32\CRYPT32.dll
[0405/163720.951:ERROR:process_reader_win.cc(233)] ReadMemory at 0x75610000 of 64 bytes failed: Only part of a ReadProcessMemory or WriteProcessMemory request was completed. (0x12B)
[0405/163720.951:WARNING:pe_image_reader.cc(281)] could not read dos header from C:\Windows\SYSTEM32\WINTRUST.dll
[0405/163720.951:ERROR:process_reader_win.cc(233)] ReadMemory at 0x57d00000 of 64 bytes failed: Only part of a ReadProcessMemory or WriteProcessMemory request was completed. (0x12B)
[0405/163720.951:WARNING:pe_image_reader.cc(281)] could not read dos header from C:\Program Files (x86)\Google\Chrome\Application\56.0.2924.87\chrome_child.dll
[0405/163720.951:ERROR:process_info.cc(608)] range at 0xff2cd000, size 0xf84 fully unreadable
[0405/163720.951:ERROR:process_info.cc(608)] range at 0xff2ca000, size 0xf84 fully unreadable
[0405/163720.951:ERROR:process_info.cc(608)] range at 0xff2c7000, size 0xf84 fully unreadable
[0405/163720.951:ERROR:process_info.cc(608)] range at 0xff19f000, size 0xf84 fully unreadable
[0405/163720.951:ERROR:process_info.cc(608)] range at 0xff19c000, size 0xf84 fully unreadable
[0405/163720.952:ERROR:process_info.cc(608)] range at 0xff199000, size 0xf84 fully unreadable
[0405/163720.952:ERROR:process_info.cc(608)] range at 0xff196000, size 0xf84 fully unreadable
[0405/163720.952:ERROR:process_info.cc(608)] range at 0xff193000, size 0xf84 fully unreadable
[0405/163720.952:ERROR:process_info.cc(608)] range at 0xff190000, size 0xf84 fully unreadable
[0405/163720.952:ERROR:process_info.cc(608)] range at 0xff18d000, size 0xf84 fully unreadable
[0405/163720.952:ERROR:process_info.cc(608)] range at 0xff18a000, size 0xf84 fully unreadable
[0405/163720.953:ERROR:process_reader_win.cc(233)] ReadMemory at 0xd70000 of 64 bytes failed: Only part of a ReadProcessMemory or WriteProcessMemory request was completed. (0x12B)
[0405/163720.953:WARNING:pe_image_reader.cc(281)] could not read dos header from C:\Program Files (x86)\Google\Chrome\Application\chrome.exe
[0405/163720.953:ERROR:process_reader_win.cc(233)] ReadMemory at 0x77370000 of 64 bytes failed: Only part of a ReadProcessMemory or WriteProcessMemory request was completed. (0x12B)
[0405/163720.953:WARNING:pe_image_reader.cc(281)] could not read dos header from C:\Windows\SYSTEM32\ntdll.dll
[0405/163720.953:ERROR:process_reader_win.cc(233)] ReadMemory at 0x75860000 of 64 bytes failed: Only part of a ReadProcessMemory or WriteProcessMemory request was completed. (0x12B)
[0405/163720.953:WARNING:pe_image_reader.cc(281)] could not read dos header from C:\Windows\SYSTEM32\KERNELBASE.dll
[0405/163720.953:ERROR:process_reader_win.cc(233)] ReadMemory at 0x745a0000 of 64 bytes failed: Only part of a ReadProcessMemory or WriteProcessMemory request was completed. (0x12B)
[0405/163720.953:WARNING:pe_image_reader.cc(281)] could not read dos header from C:\Windows\SYSTEM32\KERNEL32.DLL
[0405/163720.953:ERROR:process_reader_win.cc(233)] ReadMemory at 0x726e0000 of 64 bytes failed: Only part of a ReadProcessMemory or WriteProcessMemory request was completed. (0x12B)
[0405/163720.953:WARNING:pe_image_reader.cc(281)] could not read dos header from C:\Windows\system32\apphelp.dll
[0405/163720.953:ERROR:process_reader_win.cc(233)] ReadMemory at 0x75460000 of 64 bytes failed: Only part of a ReadProcessMemory or WriteProcessMemory request was completed. (0x12B)
[0405/163720.953:WARNING:pe_image_reader.cc(281)] could not read dos header from C:\Windows\SYSTEM32\msvcrt.dll
[0405/163720.953:ERROR:process_reader_win.cc(233)] ReadMemory at 0x726d0000 of 64 bytes failed: Only part of a ReadProcessMemory or WriteProcessMemory request was completed. (0x12B)
[0405/163720.953:WARNING:pe_image_reader.cc(281)] could not read dos header from C:\Windows\SYSTEM32\VERSION.dll
[0405/163720.953:ERROR:process_reader_win.cc(233)] ReadMemory at 0x685d0000 of 64 bytes failed: Only part of a ReadProcessMemory or WriteProcessMemory request was completed. (0x12B)
[0405/163720.953:WARNING:pe_image_reader.cc(281)] could not read dos header from C:\Program Files (x86)\Google\Chrome\Application\56.0.2924.87\chrome_elf.dll
[0405/163720.953:ERROR:process_reader_win.cc(233)] ReadMemory at 0x74410000 of 64 bytes failed: Only part of a ReadProcessMemory or WriteProcessMemory request was completed. (0x12B)
[0405/163720.953:WARNING:pe_image_reader.cc(281)] could not read dos header from C:\Windows\SYSTEM32\bcryptPrimitives.dll
[0405/163720.953:ERROR:process_reader_win.cc(233)] ReadMemory at 0x74470000 of 64 bytes failed: Only part of a ReadProcessMemory or WriteProcessMemory request was completed. (0x12B)
[0405/163720.953:WARNING:pe_image_reader.cc(281)] could not read dos header from C:\Windows\SYSTEM32\CRYPTBASE.dll
[0405/163720.953:ERROR:process_reader_win.cc(233)] ReadMemory at 0x74480000 of 64 bytes failed: Only part of a ReadProcessMemory or WriteProcessMemory request was completed. (0x12B)
[0405/163720.953:WARNING:pe_image_reader.cc(281)] could not read dos header from C:\Windows\SYSTEM32\SspiCli.dll
[0405/163720.953:ERROR:process_reader_win.cc(233)] ReadMemory at 0x744f0000 of 64 bytes failed: Only part of a ReadProcessMemory or WriteProcessMemory request was completed. (0x12B)
[0405/163720.953:WARNING:pe_image_reader.cc(281)] could not read dos header from C:\Windows\SYSTEM32\RPCRT4.dll
[0405/163720.953:ERROR:process_reader_win.cc(233)] ReadMemory at 0x744a0000 of 64 bytes failed: Only part of a ReadProcessMemory or WriteProcessMemory request was completed. (0x12B)
[0405/163720.953:WARNING:pe_image_reader.cc(281)] could not read dos header from C:\Windows\SYSTEM32\sechost.dll
[0405/163720.953:ERROR:process_reader_win.cc(233)] ReadMemory at 0x759e0000 of 64 bytes failed: Only part of a ReadProcessMemory or WriteProcessMemory request was completed. (0x12B)
[0405/163720.953:WARNING:pe_image_reader.cc(281)] could not read dos header from C:\Windows\SYSTEM32\ADVAPI32.dll
[0405/163720.953:ERROR:process_reader_win.cc(233)] ReadMemory at 0x74860000 of 64 bytes failed: Only part of a ReadProcessMemory or WriteProcessMemory request was completed. (0x12B)
[0405/163720.953:WARNING:pe_image_reader.cc(281)] could not read dos header from C:\Windows\SYSTEM32\PSAPI.DLL
[0405/163720.953:ERROR:process_reader_win.cc(233)] ReadMemory at 0x75180000 of 64 bytes failed: Only part of a ReadProcessMemory or WriteProcessMemory request was completed. (0x12B)
[0405/163720.953:WARNING:pe_image_reader.cc(281)] could not read dos header from C:\Windows\SYSTEM32\combase.dll
[0405/163720.953:ERROR:process_reader_win.cc(233)] ReadMemory at 0x75040000 of 64 bytes failed: Only part of a ReadProcessMemory or WriteProcessMemory request was completed. (0x12B)
[0405/163720.953:WARNING:pe_image_reader.cc(281)] could not read dos header from C:\Windows\SYSTEM32\USER32.dll
[0405/163720.953:ERROR:process_reader_win.cc(233)] ReadMemory at 0x75e60000 of 64 bytes failed: Only part of a ReadProcessMemory or WriteProcessMemory request was completed. (0x12B)
[0405/163720.953:WARNING:pe_image_reader.cc(281)] could not read dos header from C:\Windows\SYSTEM32\GDI32.dll
[0405/163720.953:ERROR:process_reader_win.cc(233)] ReadMemory at 0x75340000 of 64 bytes failed: Only part of a ReadProcessMemory or WriteProcessMemory request was completed. (0x12B)
[0405/163720.953:WARNING:pe_image_reader.cc(281)] could not read dos header from C:\Windows\SYSTEM32\MSCTF.dll
[0405/163720.953:ERROR:process_reader_win.cc(233)] ReadMemory at 0x74970000 of 64 bytes failed: Only part of a ReadProcessMemory or WriteProcessMemory request was completed. (0x12B)
[0405/163720.953:WARNING:pe_image_reader.cc(281)] could not read dos header from C:\Windows\SYSTEM32\IMM32.DLL
[0405/163720.953:ERROR:process_reader_win.cc(233)] ReadMemory at 0x75e10000 of 64 bytes failed: Only part of a ReadProcessMemory or WriteProcessMemory request was completed. (0x12B)
[0405/163720.953:WARNING:pe_image_reader.cc(281)] could not read dos header from C:\Windows\SYSTEM32\shlwapi.dll
[0405/163720.953:ERROR:process_reader_win.cc(233)] ReadMemory at 0x75a60000 of 64 bytes failed: Only part of a ReadProcessMemory or WriteProcessMemory request was completed. (0x12B)
[0405/163720.953:WARNING:pe_image_reader.cc(281)] could not read dos header from C:\Windows\SYSTEM32\kernel.appcore.dll
[0405/163720.953:ERROR:process_reader_win.cc(233)] ReadMemory at 0x75580000 of 64 bytes failed: Only part of a ReadProcessMemory or WriteProcessMemory request was completed. (0x12B)
[0405/163720.953:WARNING:pe_image_reader.cc(281)] could not read dos header from C:\Windows\SYSTEM32\shcore.dll
[0405/163720.953:ERROR:process_reader_win.cc(233)] ReadMemory at 0x75660000 of 64 bytes failed: Only part of a ReadProcessMemory or WriteProcessMemory request was completed. (0x12B)
[0405/163720.953:WARNING:pe_image_reader.cc(281)] could not read dos header from C:\Windows\SYSTEM32\powrprof.dll
[0405/163720.953:ERROR:process_reader_win.cc(233)] ReadMemory at 0x75a70000 of 64 bytes failed: Only part of a ReadProcessMemory or WriteProcessMemory request was completed. (0x12B)
[0405/163720.953:WARNING:pe_image_reader.cc(281)] could not read dos header from C:\Windows\SYSTEM32\profapi.dll
[0405/163720.953:ERROR:process_reader_win.cc(233)] ReadMemory at 0x74a00000 of 64 bytes failed: Only part of a ReadProcessMemory or WriteProcessMemory request was completed. (0x12B)
[0405/163720.953:WARNING:pe_image_reader.cc(281)] could not read dos header from C:\Windows\SYSTEM32\windows.storage.dll
[0405/163720.953:ERROR:process_reader_win.cc(233)] ReadMemory at 0x75fb0000 of 64 bytes failed: Only part of a ReadProcessMemory or WriteProcessMemory request was completed. (0x12B)
[0405/163720.953:WARNING:pe_image_reader.cc(281)] could not read dos header from C:\Windows\SYSTEM32\SHELL32.dll
[0405/163720.953:ERROR:process_reader_win.cc(233)] ReadMemory at 0x746a0000 of 64 bytes failed: Only part of a ReadProcessMemory or WriteProcessMemory request was completed. (0x12B)
[0405/163720.953:WARNING:pe_image_reader.cc(281)] could not read dos header from C:\Windows\SYSTEM32\cfgmgr32.dll
[0405/163720.953:ERROR:process_reader_win.cc(233)] ReadMemory at 0x71570000 of 64 bytes failed: Only part of a ReadProcessMemory or WriteProcessMemory request was completed. (0x12B)
[0405/163720.953:WARNING:pe_image_reader.cc(281)] could not read dos header from C:\Windows\SYSTEM32\DEVOBJ.dll
[0405/163720.953:ERROR:process_reader_win.cc(233)] ReadMemory at 0x6c930000 of 64 bytes failed: Only part of a ReadProcessMemory or WriteProcessMemory request was completed. (0x12B)
[0405/163720.953:WARNING:pe_image_reader.cc(281)] could not read dos header from C:\Windows\SYSTEM32\WINMMBASE.dll
[0405/163720.953:ERROR:process_reader_win.cc(233)] ReadMemory at 0x6c970000 of 64 bytes failed: Only part of a ReadProcessMemory or WriteProcessMemory request was completed. (0x12B)
[0405/163720.953:WARNING:pe_image_reader.cc(281)] could not read dos header from C:\Windows\SYSTEM32\WINMM.dll
[0405/163720.953:ERROR:process_reader_win.cc(233)] ReadMemory at 0x72ce0000 of 64 bytes failed: Only part of a ReadProcessMemory or WriteProcessMemory request was completed. (0x12B)
[0405/163720.953:WARNING:pe_image_reader.cc(281)] could not read dos header from C:\Windows\SYSTEM32\WTSAPI32.dll
[0405/163720.953:ERROR:process_reader_win.cc(233)] ReadMemory at 0x72e50000 of 64 bytes failed: Only part of a ReadProcessMemory or WriteProcessMemory request was completed. (0x12B)
[0405/163720.953:WARNING:pe_image_reader.cc(281)] could not read dos header from C:\Windows\SYSTEM32\USERENV.dll
[0405/163720.953:ERROR:process_reader_win.cc(233)] ReadMemory at 0x72830000 of 64 bytes failed: Only part of a ReadProcessMemory or WriteProcessMemory request was completed. (0x12B)
[0405/163720.953:WARNING:pe_image_reader.cc(281)] could not read dos header from C:\Windows\SYSTEM32\WINHTTP.dll
[0405/163720.953:ERROR:process_reader_win.cc(233)] ReadMemory at 0x74f50000 of 64 bytes failed: Only part of a ReadProcessMemory or WriteProcessMemory request was completed. (0x12B)
[0405/163720.953:WARNING:pe_image_reader.cc(281)] could not read dos header from C:\Windows\SYSTEM32\ole32.dll
[0405/163720.953:ERROR:process_reader_win.cc(233)] ReadMemory at 0x75cb0000 of 64 bytes failed: Only part of a ReadProcessMemory or WriteProcessMemory request was completed. (0x12B)
[0405/163720.953:WARNING:pe_image_reader.cc(281)] could not read dos header from C:\Windows\SYSTEM32\OLEAUT32.dll
[0405/163720.953:ERROR:process_reader_win.cc(233)] ReadMemory at 0x74690000 of 64 bytes failed: Only part of a ReadProcessMemory or WriteProcessMemory request was completed. (0x12B)
[0405/163720.954:WARNING:pe_image_reader.cc(281)] could not read dos header from C:\Windows\SYSTEM32\NSI.dll
[0405/163720.954:ERROR:process_reader_win.cc(233)] ReadMemory at 0x75520000 of 64 bytes failed: Only part of a ReadProcessMemory or WriteProcessMemory request was completed. (0x12B)
[0405/163720.954:WARNING:pe_image_reader.cc(281)] could not read dos header from C:\Windows\SYSTEM32\WS2_32.dll
[0405/163720.954:ERROR:process_reader_win.cc(233)] ReadMemory at 0x72280000 of 64 bytes failed: Only part of a ReadProcessMemory or WriteProcessMemory request was completed. (0x12B)
[0405/163720.954:WARNING:pe_image_reader.cc(281)] could not read dos header from C:\Windows\WinSxS\x86_microsoft.windows.common-controls_6595b64144ccf1df_6.0.10240.16384_none_3bccb1ff6bcd1849\COMCTL32.dll
[0405/163720.954:ERROR:process_reader_win.cc(233)] ReadMemory at 0x75d50000 of 64 bytes failed: Only part of a ReadProcessMemory or WriteProcessMemory request was completed. (0x12B)
[0405/163720.954:WARNING:pe_image_reader.cc(281)] could not read dos header from C:\Windows\SYSTEM32\COMDLG32.dll
[0405/163720.954:ERROR:process_reader_win.cc(233)] ReadMemory at 0x73be0000 of 64 bytes failed: Only part of a ReadProcessMemory or WriteProcessMemory request was completed. (0x12B)
[0405/163720.954:WARNING:pe_image_reader.cc(281)] could not read dos header from C:\Windows\SYSTEM32\dbghelp.dll
[0405/163720.954:ERROR:process_reader_win.cc(233)] ReadMemory at 0x69b80000 of 64 bytes failed: Only part of a ReadProcessMemory or WriteProcessMemory request was completed. (0x12B)
[0405/163720.954:WARNING:pe_image_reader.cc(281)] could not read dos header from C:\Windows\SYSTEM32\USP10.dll
[0405/163720.954:ERROR:process_reader_win.cc(233)] ReadMemory at 0x73ae0000 of 64 bytes failed: Only part of a ReadProcessMemory or WriteProcessMemory request was completed. (0x12B)
[0405/163720.954:WARNING:pe_image_reader.cc(281)] could not read dos header from C:\Windows\SYSTEM32\bcrypt.dll
[0405/163720.954:ERROR:process_reader_win.cc(233)] ReadMemory at 0x6a3b0000 of 64 bytes failed: Only part of a ReadProcessMemory or WriteProcessMemory request was completed. (0x12B)
[0405/163720.954:WARNING:pe_image_reader.cc(281)] could not read dos header from C:\Windows\SYSTEM32\WINSPOOL.DRV
[0405/163720.954:ERROR:process_reader_win.cc(233)] ReadMemory at 0x73b00000 of 64 bytes failed: Only part of a ReadProcessMemory or WriteProcessMemory request was completed. (0x12B)
[0405/163720.954:WARNING:pe_image_reader.cc(281)] could not read dos header from C:\Windows\SYSTEM32\WINNSI.DLL
[0405/163720.954:ERROR:process_reader_win.cc(233)] ReadMemory at 0x73490000 of 64 bytes failed: Only part of a ReadProcessMemory or WriteProcessMemory request was completed. (0x12B)
[0405/163720.954:WARNING:pe_image_reader.cc(281)] could not read dos header from C:\Windows\SYSTEM32\IPHLPAPI.DLL
[0405/163720.954:ERROR:process_reader_win.cc(233)] ReadMemory at 0x725e0000 of 64 bytes failed: Only part of a ReadProcessMemory or WriteProcessMemory request was completed. (0x12B)
[0405/163720.954:WARNING:pe_image_reader.cc(281)] could not read dos header from C:\Windows\SYSTEM32\Secur32.dll
[0405/163720.954:ERROR:process_reader_win.cc(233)] ReadMemory at 0x5d8d0000 of 64 bytes failed: Only part of a ReadProcessMemory or WriteProcessMemory request was completed. (0x12B)
[0405/163720.954:WARNING:pe_image_reader.cc(281)] could not read dos header from C:\Windows\SYSTEM32\DWrite.dll
[0405/163720.954:ERROR:process_reader_win.cc(233)] ReadMemory at 0x6eef0000 of 64 bytes failed: Only part of a ReadProcessMemory or WriteProcessMemory request was completed. (0x12B)
[0405/163720.954:WARNING:pe_image_reader.cc(281)] could not read dos header from C:\Windows\SYSTEM32\FONTSUB.dll
[0405/163720.954:ERROR:process_reader_win.cc(233)] ReadMemory at 0x74960000 of 64 bytes failed: Only part of a ReadProcessMemory or WriteProcessMemory request was completed. (0x12B)
[0405/163720.954:WARNING:pe_image_reader.cc(281)] could not read dos header from C:\Windows\SYSTEM32\MSASN1.dll
[0405/163720.954:ERROR:process_reader_win.cc(233)] ReadMemory at 0x746e0000 of 64 bytes failed: Only part of a ReadProcessMemory or WriteProcessMemory request was completed. (0x12B)
[0405/163720.954:WARNING:pe_image_reader.cc(281)] could not read dos header from C:\Windows\SYSTEM32\CRYPT32.dll
[0405/163720.954:ERROR:process_reader_win.cc(233)] ReadMemory at 0x75610000 of 64 bytes failed: Only part of a ReadProcessMemory or WriteProcessMemory request was completed. (0x12B)
[0405/163720.954:WARNING:pe_image_reader.cc(281)] could not read dos header from C:\Windows\SYSTEM32\WINTRUST.dll
[0405/163720.954:ERROR:process_reader_win.cc(233)] ReadMemory at 0x57d00000 of 64 bytes failed: Only part of a ReadProcessMemory or WriteProcessMemory request was completed. (0x12B)
[0405/163720.954:WARNING:pe_image_reader.cc(281)] could not read dos header from C:\Program Files (x86)\Google\Chrome\Application\56.0.2924.87\chrome_child.dll
[0405/163721.045:ERROR:process_reader_win.cc(233)] ReadMemory at 0xd70000 of 64 bytes failed: Only part of a ReadProcessMemory or WriteProcessMemory request was completed. (0x12B)
[0405/163721.046:WARNING:pe_image_reader.cc(281)] could not read dos header from C:\Program Files (x86)\Google\Chrome\Application\chrome.exe
[0405/163721.046:ERROR:process_reader_win.cc(233)] ReadMemory at 0x77370000 of 64 bytes failed: Only part of a ReadProcessMemory or WriteProcessMemory request was completed. (0x12B)
[0405/163721.046:WARNING:pe_image_reader.cc(281)] could not read dos header from C:\Windows\SYSTEM32\ntdll.dll
[0405/163721.046:ERROR:process_reader_win.cc(233)] ReadMemory at 0x75860000 of 64 bytes failed: Only part of a ReadProcessMemory or WriteProcessMemory request was completed. (0x12B)
[0405/163721.046:WARNING:pe_image_reader.cc(281)] could not read dos header from C:\Windows\SYSTEM32\KERNELBASE.dll
[0405/163721.046:ERROR:process_reader_win.cc(233)] ReadMemory at 0x745a0000 of 64 bytes failed: Only part of a ReadProcessMemory or WriteProcessMemory request was completed. (0x12B)
[0405/163721.046:WARNING:pe_image_reader.cc(281)] could not read dos header from C:\Windows\SYSTEM32\KERNEL32.DLL
[0405/163721.046:ERROR:process_reader_win.cc(233)] ReadMemory at 0x726e0000 of 64 bytes failed: Only part of a ReadProcessMemory or WriteProcessMemory request was completed. (0x12B)
[0405/163721.046:WARNING:pe_image_reader.cc(281)] could not read dos header from C:\Windows\system32\apphelp.dll
[0405/163721.046:ERROR:process_reader_win.cc(233)] ReadMemory at 0x75460000 of 64 bytes failed: Only part of a ReadProcessMemory or WriteProcessMemory request was completed. (0x12B)
[0405/163721.046:WARNING:pe_image_reader.cc(281)] could not read dos header from C:\Windows\SYSTEM32\msvcrt.dll
[0405/163721.046:ERROR:process_reader_win.cc(233)] ReadMemory at 0x726d0000 of 64 bytes failed: Only part of a ReadProcessMemory or WriteProcessMemory request was completed. (0x12B)
[0405/163721.046:WARNING:pe_image_reader.cc(281)] could not read dos header from C:\Windows\SYSTEM32\VERSION.dll
[0405/163721.046:ERROR:process_reader_win.cc(233)] ReadMemory at 0x685d0000 of 64 bytes failed: Only part of a ReadProcessMemory or WriteProcessMemory request was completed. (0x12B)
[0405/163721.046:WARNING:pe_image_reader.cc(281)] could not read dos header from C:\Program Files (x86)\Google\Chrome\Application\56.0.2924.87\chrome_elf.dll
[0405/163721.046:ERROR:process_reader_win.cc(233)] ReadMemory at 0x74410000 of 64 bytes failed: Only part of a ReadProcessMemory or WriteProcessMemory request was completed. (0x12B)
[0405/163721.046:WARNING:pe_image_reader.cc(281)] could not read dos header from C:\Windows\SYSTEM32\bcryptPrimitives.dll
[0405/163721.046:ERROR:process_reader_win.cc(233)] ReadMemory at 0x74470000 of 64 bytes failed: Only part of a ReadProcessMemory or WriteProcessMemory request was completed. (0x12B)
[0405/163721.046:WARNING:pe_image_reader.cc(281)] could not read dos header from C:\Windows\SYSTEM32\CRYPTBASE.dll
[0405/163721.046:ERROR:process_reader_win.cc(233)] ReadMemory at 0x74480000 of 64 bytes failed: Only part of a ReadProcessMemory or WriteProcessMemory request was completed. (0x12B)
[0405/163721.046:WARNING:pe_image_reader.cc(281)] could not read dos header from C:\Windows\SYSTEM32\SspiCli.dll
[0405/163721.046:ERROR:process_reader_win.cc(233)] ReadMemory at 0x744f0000 of 64 bytes failed: Only part of a ReadProcessMemory or WriteProcessMemory request was completed. (0x12B)
[0405/163721.046:WARNING:pe_image_reader.cc(281)] could not read dos header from C:\Windows\SYSTEM32\RPCRT4.dll
[0405/163721.046:ERROR:process_reader_win.cc(233)] ReadMemory at 0x744a0000 of 64 bytes failed: Only part of a ReadProcessMemory or WriteProcessMemory request was completed. (0x12B)
[0405/163721.046:WARNING:pe_image_reader.cc(281)] could not read dos header from C:\Windows\SYSTEM32\sechost.dll
[0405/163721.046:ERROR:process_reader_win.cc(233)] ReadMemory at 0x759e0000 of 64 bytes failed: Only part of a ReadProcessMemory or WriteProcessMemory request was completed. (0x12B)
[0405/163721.046:WARNING:pe_image_reader.cc(281)] could not read dos header from C:\Windows\SYSTEM32\ADVAPI32.dll
[0405/163721.046:ERROR:process_reader_win.cc(233)] ReadMemory at 0x74860000 of 64 bytes failed: Only part of a ReadProcessMemory or WriteProcessMemory request was completed. (0x12B)
[0405/163721.046:WARNING:pe_image_reader.cc(281)] could not read dos header from C:\Windows\SYSTEM32\PSAPI.DLL
[0405/163721.046:ERROR:process_reader_win.cc(233)] ReadMemory at 0x75180000 of 64 bytes failed: Only part of a ReadProcessMemory or WriteProcessMemory request was completed. (0x12B)
[0405/163721.046:WARNING:pe_image_reader.cc(281)] could not read dos header from C:\Windows\SYSTEM32\combase.dll
[0405/163721.046:ERROR:process_reader_win.cc(233)] ReadMemory at 0x75040000 of 64 bytes failed: Only part of a ReadProcessMemory or WriteProcessMemory request was completed. (0x12B)
[0405/163721.046:WARNING:pe_image_reader.cc(281)] could not read dos header from C:\Windows\SYSTEM32\USER32.dll
[0405/163721.046:ERROR:process_reader_win.cc(233)] ReadMemory at 0x75e60000 of 64 bytes failed: Only part of a ReadProcessMemory or WriteProcessMemory request was completed. (0x12B)
[0405/163721.046:WARNING:pe_image_reader.cc(281)] could not read dos header from C:\Windows\SYSTEM32\GDI32.dll
[0405/163721.046:ERROR:process_reader_win.cc(233)] ReadMemory at 0x75340000 of 64 bytes failed: Only part of a ReadProcessMemory or WriteProcessMemory request was completed. (0x12B)
[0405/163721.046:WARNING:pe_image_reader.cc(281)] could not read dos header from C:\Windows\SYSTEM32\MSCTF.dll
[0405/163721.046:ERROR:process_reader_win.cc(233)] ReadMemory at 0x74970000 of 64 bytes failed: Only part of a ReadProcessMemory or WriteProcessMemory request was completed. (0x12B)
[0405/163721.047:WARNING:pe_image_reader.cc(281)] could not read dos header from C:\Windows\SYSTEM32\IMM32.DLL
[0405/163721.047:ERROR:process_reader_win.cc(233)] ReadMemory at 0x75e10000 of 64 bytes failed: Only part of a ReadProcessMemory or WriteProcessMemory request was completed. (0x12B)
[0405/163721.047:WARNING:pe_image_reader.cc(281)] could not read dos header from C:\Windows\SYSTEM32\shlwapi.dll
[0405/163721.047:ERROR:process_reader_win.cc(233)] ReadMemory at 0x75a60000 of 64 bytes failed: Only part of a ReadProcessMemory or WriteProcessMemory request was completed. (0x12B)
[0405/163721.047:WARNING:pe_image_reader.cc(281)] could not read dos header from C:\Windows\SYSTEM32\kernel.appcore.dll
[0405/163721.047:ERROR:process_reader_win.cc(233)] ReadMemory at 0x75580000 of 64 bytes failed: Only part of a ReadProcessMemory or WriteProcessMemory request was completed. (0x12B)
[0405/163721.047:WARNING:pe_image_reader.cc(281)] could not read dos header from C:\Windows\SYSTEM32\shcore.dll
[0405/163721.047:ERROR:process_reader_win.cc(233)] ReadMemory at 0x75660000 of 64 bytes failed: Only part of a ReadProcessMemory or WriteProcessMemory request was completed. (0x12B)
[0405/163721.047:WARNING:pe_image_reader.cc(281)] could not read dos header from C:\Windows\SYSTEM32\powrprof.dll
[0405/163721.047:ERROR:process_reader_win.cc(233)] ReadMemory at 0x75a70000 of 64 bytes failed: Only part of a ReadProcessMemory or WriteProcessMemory request was completed. (0x12B)
[0405/163721.047:WARNING:pe_image_reader.cc(281)] could not read dos header from C:\Windows\SYSTEM32\profapi.dll
[0405/163721.047:ERROR:process_reader_win.cc(233)] ReadMemory at 0x74a00000 of 64 bytes failed: Only part of a ReadProcessMemory or WriteProcessMemory request was completed. (0x12B)
[0405/163721.047:WARNING:pe_image_reader.cc(281)] could not read dos header from C:\Windows\SYSTEM32\windows.storage.dll
[0405/163721.047:ERROR:process_reader_win.cc(233)] ReadMemory at 0x75fb0000 of 64 bytes failed: Only part of a ReadProcessMemory or WriteProcessMemory request was completed. (0x12B)
[0405/163721.047:WARNING:pe_image_reader.cc(281)] could not read dos header from C:\Windows\SYSTEM32\SHELL32.dll
[0405/163721.047:ERROR:process_reader_win.cc(233)] ReadMemory at 0x746a0000 of 64 bytes failed: Only part of a ReadProcessMemory or WriteProcessMemory request was completed. (0x12B)
[0405/163721.047:WARNING:pe_image_reader.cc(281)] could not read dos header from C:\Windows\SYSTEM32\cfgmgr32.dll
[0405/163721.047:ERROR:process_reader_win.cc(233)] ReadMemory at 0x71570000 of 64 bytes failed: Only part of a ReadProcessMemory or WriteProcessMemory request was completed. (0x12B)
[0405/163721.047:WARNING:pe_image_reader.cc(281)] could not read dos header from C:\Windows\SYSTEM32\DEVOBJ.dll
[0405/163721.047:ERROR:process_reader_win.cc(233)] ReadMemory at 0x6c930000 of 64 bytes failed: Only part of a ReadProcessMemory or WriteProcessMemory request was completed. (0x12B)
[0405/163721.047:WARNING:pe_image_reader.cc(281)] could not read dos header from C:\Windows\SYSTEM32\WINMMBASE.dll
[0405/163721.047:ERROR:process_reader_win.cc(233)] ReadMemory at 0x6c970000 of 64 bytes failed: Only part of a ReadProcessMemory or WriteProcessMemory request was completed. (0x12B)
[0405/163721.047:WARNING:pe_image_reader.cc(281)] could not read dos header from C:\Windows\SYSTEM32\WINMM.dll
[0405/163721.047:ERROR:process_reader_win.cc(233)] ReadMemory at 0x72ce0000 of 64 bytes failed: Only part of a ReadProcessMemory or WriteProcessMemory request was completed. (0x12B)
[0405/163721.047:WARNING:pe_image_reader.cc(281)] could not read dos header from C:\Windows\SYSTEM32\WTSAPI32.dll
[0405/163721.047:ERROR:process_reader_win.cc(233)] ReadMemory at 0x72e50000 of 64 bytes failed: Only part of a ReadProcessMemory or WriteProcessMemory request was completed. (0x12B)
[0405/163721.047:WARNING:pe_image_reader.cc(281)] could not read dos header from C:\Windows\SYSTEM32\USERENV.dll
[0405/163721.047:ERROR:process_reader_win.cc(233)] ReadMemory at 0x72830000 of 64 bytes failed: Only part of a ReadProcessMemory or WriteProcessMemory request was completed. (0x12B)
[0405/163721.047:WARNING:pe_image_reader.cc(281)] could not read dos header from C:\Windows\SYSTEM32\WINHTTP.dll
[0405/163721.047:ERROR:process_reader_win.cc(233)] ReadMemory at 0x74f50000 of 64 bytes failed: Only part of a ReadProcessMemory or WriteProcessMemory request was completed. (0x12B)
[0405/163721.047:WARNING:pe_image_reader.cc(281)] could not read dos header from C:\Windows\SYSTEM32\ole32.dll
[0405/163721.047:ERROR:process_reader_win.cc(233)] ReadMemory at 0x75cb0000 of 64 bytes failed: Only part of a ReadProcessMemory or WriteProcessMemory request was completed. (0x12B)
[0405/163721.047:WARNING:pe_image_reader.cc(281)] could not read dos header from C:\Windows\SYSTEM32\OLEAUT32.dll
[0405/163721.047:ERROR:process_reader_win.cc(233)] ReadMemory at 0x74690000 of 64 bytes failed: Only part of a ReadProcessMemory or WriteProcessMemory request was completed. (0x12B)
[0405/163721.047:WARNING:pe_image_reader.cc(281)] could not read dos header from C:\Windows\SYSTEM32\NSI.dll
[0405/163721.047:ERROR:process_reader_win.cc(233)] ReadMemory at 0x75520000 of 64 bytes failed: Only part of a ReadProcessMemory or WriteProcessMemory request was completed. (0x12B)
[0405/163721.047:WARNING:pe_image_reader.cc(281)] could not read dos header from C:\Windows\SYSTEM32\WS2_32.dll
[0405/163721.047:ERROR:process_reader_win.cc(233)] ReadMemory at 0x72280000 of 64 bytes failed: Only part of a ReadProcessMemory or WriteProcessMemory request was completed. (0x12B)
[0405/163721.047:WARNING:pe_image_reader.cc(281)] could not read dos header from C:\Windows\WinSxS\x86_microsoft.windows.common-controls_6595b64144ccf1df_6.0.10240.16384_none_3bccb1ff6bcd1849\COMCTL32.dll
[0405/163721.047:ERROR:process_reader_win.cc(233)] ReadMemory at 0x75d50000 of 64 bytes failed: Only part of a ReadProcessMemory or WriteProcessMemory request was completed. (0x12B)
[0405/163721.047:WARNING:pe_image_reader.cc(281)] could not read dos header from C:\Windows\SYSTEM32\COMDLG32.dll
[0405/163721.047:ERROR:process_reader_win.cc(233)] ReadMemory at 0x73be0000 of 64 bytes failed: Only part of a ReadProcessMemory or WriteProcessMemory request was completed. (0x12B)
[0405/163721.048:WARNING:pe_image_reader.cc(281)] could not read dos header from C:\Windows\SYSTEM32\dbghelp.dll
[0405/163721.048:ERROR:process_reader_win.cc(233)] ReadMemory at 0x69b80000 of 64 bytes failed: Only part of a ReadProcessMemory or WriteProcessMemory request was completed. (0x12B)
[0405/163721.048:WARNING:pe_image_reader.cc(281)] could not read dos header from C:\Windows\SYSTEM32\USP10.dll
[0405/163721.048:ERROR:process_reader_win.cc(233)] ReadMemory at 0x73ae0000 of 64 bytes failed: Only part of a ReadProcessMemory or WriteProcessMemory request was completed. (0x12B)
[0405/163721.048:WARNING:pe_image_reader.cc(281)] could not read dos header from C:\Windows\SYSTEM32\bcrypt.dll
[0405/163721.048:ERROR:process_reader_win.cc(233)] ReadMemory at 0x6a3b0000 of 64 bytes failed: Only part of a ReadProcessMemory or WriteProcessMemory request was completed. (0x12B)
[0405/163721.048:WARNING:pe_image_reader.cc(281)] could not read dos header from C:\Windows\SYSTEM32\WINSPOOL.DRV
[0405/163721.048:ERROR:process_reader_win.cc(233)] ReadMemory at 0x73b00000 of 64 bytes failed: Only part of a ReadProcessMemory or WriteProcessMemory request was completed. (0x12B)
[0405/163721.048:WARNING:pe_image_reader.cc(281)] could not read dos header from C:\Windows\SYSTEM32\WINNSI.DLL
[0405/163721.048:ERROR:process_reader_win.cc(233)] ReadMemory at 0x73490000 of 64 bytes failed: Only part of a ReadProcessMemory or WriteProcessMemory request was completed. (0x12B)
[0405/163721.048:WARNING:pe_image_reader.cc(281)] could not read dos header from C:\Windows\SYSTEM32\IPHLPAPI.DLL
[0405/163721.048:ERROR:process_reader_win.cc(233)] ReadMemory at 0x725e0000 of 64 bytes failed: Only part of a ReadProcessMemory or WriteProcessMemory request was completed. (0x12B)
[0405/163721.048:WARNING:pe_image_reader.cc(281)] could not read dos header from C:\Windows\SYSTEM32\Secur32.dll
[0405/163721.048:ERROR:process_reader_win.cc(233)] ReadMemory at 0x5d8d0000 of 64 bytes failed: Only part of a ReadProcessMemory or WriteProcessMemory request was completed. (0x12B)
[0405/163721.048:WARNING:pe_image_reader.cc(281)] could not read dos header from C:\Windows\SYSTEM32\DWrite.dll
[0405/163721.048:ERROR:process_reader_win.cc(233)] ReadMemory at 0x6eef0000 of 64 bytes failed: Only part of a ReadProcessMemory or WriteProcessMemory request was completed. (0x12B)
[0405/163721.048:WARNING:pe_image_reader.cc(281)] could not read dos header from C:\Windows\SYSTEM32\FONTSUB.dll
[0405/163721.048:ERROR:process_reader_win.cc(233)] ReadMemory at 0x74960000 of 64 bytes failed: Only part of a ReadProcessMemory or WriteProcessMemory request was completed. (0x12B)
[0405/163721.048:WARNING:pe_image_reader.cc(281)] could not read dos header from C:\Windows\SYSTEM32\MSASN1.dll
[0405/163721.048:ERROR:process_reader_win.cc(233)] ReadMemory at 0x746e0000 of 64 bytes failed: Only part of a ReadProcessMemory or WriteProcessMemory request was completed. (0x12B)
[0405/163721.048:WARNING:pe_image_reader.cc(281)] could not read dos header from C:\Windows\SYSTEM32\CRYPT32.dll
[0405/163721.048:ERROR:process_reader_win.cc(233)] ReadMemory at 0x75610000 of 64 bytes failed: Only part of a ReadProcessMemory or WriteProcessMemory request was completed. (0x12B)
[0405/163721.048:WARNING:pe_image_reader.cc(281)] could not read dos header from C:\Windows\SYSTEM32\WINTRUST.dll
[0405/163721.048:ERROR:process_reader_win.cc(233)] ReadMemory at 0x57d00000 of 64 bytes failed: Only part of a ReadProcessMemory or WriteProcessMemory request was completed. (0x12B)
[0405/163721.048:WARNING:pe_image_reader.cc(281)] could not read dos header from C:\Program Files (x86)\Google\Chrome\Application\56.0.2924.87\chrome_child.dll
[0405/163721.048:ERROR:process_reader_win.cc(233)] ReadMemory at 0xd70000 of 64 bytes failed: Only part of a ReadProcessMemory or WriteProcessMemory request was completed. (0x12B)
[0405/163721.048:WARNING:pe_image_reader.cc(281)] could not read dos header from C:\Program Files (x86)\Google\Chrome\Application\chrome.exe
[0405/163721.048:ERROR:process_reader_win.cc(233)] ReadMemory at 0x77370000 of 64 bytes failed: Only part of a ReadProcessMemory or WriteProcessMemory request was completed. (0x12B)
[0405/163721.048:WARNING:pe_image_reader.cc(281)] could not read dos header from C:\Windows\SYSTEM32\ntdll.dll
[0405/163721.048:ERROR:process_reader_win.cc(233)] ReadMemory at 0x75860000 of 64 bytes failed: Only part of a ReadProcessMemory or WriteProcessMemory request was completed. (0x12B)
[0405/163721.048:WARNING:pe_image_reader.cc(281)] could not read dos header from C:\Windows\SYSTEM32\KERNELBASE.dll
[0405/163721.048:ERROR:process_reader_win.cc(233)] ReadMemory at 0x745a0000 of 64 bytes failed: Only part of a ReadProcessMemory or WriteProcessMemory request was completed. (0x12B)
[0405/163721.048:WARNING:pe_image_reader.cc(281)] could not read dos header from C:\Windows\SYSTEM32\KERNEL32.DLL
[0405/163721.048:ERROR:process_reader_win.cc(233)] ReadMemory at 0x726e0000 of 64 bytes failed: Only part of a ReadProcessMemory or WriteProcessMemory request was completed. (0x12B)
[0405/163721.048:WARNING:pe_image_reader.cc(281)] could not read dos header from C:\Windows\system32\apphelp.dll
[0405/163721.048:ERROR:process_reader_win.cc(233)] ReadMemory at 0x75460000 of 64 bytes failed: Only part of a ReadProcessMemory or WriteProcessMemory request was completed. (0x12B)
[0405/163721.048:WARNING:pe_image_reader.cc(281)] could not read dos header from C:\Windows\SYSTEM32\msvcrt.dll
[0405/163721.048:ERROR:process_reader_win.cc(233)] ReadMemory at 0x726d0000 of 64 bytes failed: Only part of a ReadProcessMemory or WriteProcessMemory request was completed. (0x12B)
[0405/163721.048:WARNING:pe_image_reader.cc(281)] could not read dos header from C:\Windows\SYSTEM32\VERSION.dll
[0405/163721.048:ERROR:process_reader_win.cc(233)] ReadMemory at 0x685d0000 of 64 bytes failed: Only part of a ReadProcessMemory or WriteProcessMemory request was completed. (0x12B)
[0405/163721.048:WARNING:pe_image_reader.cc(281)] could not read dos header from C:\Program Files (x86)\Google\Chrome\Application\56.0.2924.87\chrome_elf.dll
[0405/163721.048:ERROR:process_reader_win.cc(233)] ReadMemory at 0x74410000 of 64 bytes failed: Only part of a ReadProcessMemory or WriteProcessMemory request was completed. (0x12B)
[0405/163721.049:WARNING:pe_image_reader.cc(281)] could not read dos header from C:\Windows\SYSTEM32\bcryptPrimitives.dll
[0405/163721.049:ERROR:process_reader_win.cc(233)] ReadMemory at 0x74470000 of 64 bytes failed: Only part of a ReadProcessMemory or WriteProcessMemory request was completed. (0x12B)
[0405/163721.049:WARNING:pe_image_reader.cc(281)] could not read dos header from C:\Windows\SYSTEM32\CRYPTBASE.dll
[0405/163721.049:ERROR:process_reader_win.cc(233)] ReadMemory at 0x74480000 of 64 bytes failed: Only part of a ReadProcessMemory or WriteProcessMemory request was completed. (0x12B)
[0405/163721.049:WARNING:pe_image_reader.cc(281)] could not read dos header from C:\Windows\SYSTEM32\SspiCli.dll
[0405/163721.049:ERROR:process_reader_win.cc(233)] ReadMemory at 0x744f0000 of 64 bytes failed: Only part of a ReadProcessMemory or WriteProcessMemory request was completed. (0x12B)
[0405/163721.049:WARNING:pe_image_reader.cc(281)] could not read dos header from C:\Windows\SYSTEM32\RPCRT4.dll
[0405/163721.049:ERROR:process_reader_win.cc(233)] ReadMemory at 0x744a0000 of 64 bytes failed: Only part of a ReadProcessMemory or WriteProcessMemory request was completed. (0x12B)
[0405/163721.049:WARNING:pe_image_reader.cc(281)] could not read dos header from C:\Windows\SYSTEM32\sechost.dll
[0405/163721.049:ERROR:process_reader_win.cc(233)] ReadMemory at 0x759e0000 of 64 bytes failed: Only part of a ReadProcessMemory or WriteProcessMemory request was completed. (0x12B)
[0405/163721.049:WARNING:pe_image_reader.cc(281)] could not read dos header from C:\Windows\SYSTEM32\ADVAPI32.dll
[0405/163721.049:ERROR:process_reader_win.cc(233)] ReadMemory at 0x74860000 of 64 bytes failed: Only part of a ReadProcessMemory or WriteProcessMemory request was completed. (0x12B)
[0405/163721.049:WARNING:pe_image_reader.cc(281)] could not read dos header from C:\Windows\SYSTEM32\PSAPI.DLL
[0405/163721.049:ERROR:process_reader_win.cc(233)] ReadMemory at 0x75180000 of 64 bytes failed: Only part of a ReadProcessMemory or WriteProcessMemory request was completed. (0x12B)
[0405/163721.049:WARNING:pe_image_reader.cc(281)] could not read dos header from C:\Windows\SYSTEM32\combase.dll
[0405/163721.049:ERROR:process_reader_win.cc(233)] ReadMemory at 0x75040000 of 64 bytes failed: Only part of a ReadProcessMemory or WriteProcessMemory request was completed. (0x12B)
[0405/163721.049:WARNING:pe_image_reader.cc(281)] could not read dos header from C:\Windows\SYSTEM32\USER32.dll
[0405/163721.049:ERROR:process_reader_win.cc(233)] ReadMemory at 0x75e60000 of 64 bytes failed: Only part of a ReadProcessMemory or WriteProcessMemory request was completed. (0x12B)
[0405/163721.049:WARNING:pe_image_reader.cc(281)] could not read dos header from C:\Windows\SYSTEM32\GDI32.dll
[0405/163721.049:ERROR:process_reader_win.cc(233)] ReadMemory at 0x75340000 of 64 bytes failed: Only part of a ReadProcessMemory or WriteProcessMemory request was completed. (0x12B)
[0405/163721.049:WARNING:pe_image_reader.cc(281)] could not read dos header from C:\Windows\SYSTEM32\MSCTF.dll
[0405/163721.049:ERROR:process_reader_win.cc(233)] ReadMemory at 0x74970000 of 64 bytes failed: Only part of a ReadProcessMemory or WriteProcessMemory request was completed. (0x12B)
[0405/163721.049:WARNING:pe_image_reader.cc(281)] could not read dos header from C:\Windows\SYSTEM32\IMM32.DLL
[0405/163721.049:ERROR:process_reader_win.cc(233)] ReadMemory at 0x75e10000 of 64 bytes failed: Only part of a ReadProcessMemory or WriteProcessMemory request was completed. (0x12B)
[0405/163721.049:WARNING:pe_image_reader.cc(281)] could not read dos header from C:\Windows\SYSTEM32\shlwapi.dll
[0405/163721.049:ERROR:process_reader_win.cc(233)] ReadMemory at 0x75a60000 of 64 bytes failed: Only part of a ReadProcessMemory or WriteProcessMemory request was completed. (0x12B)
[0405/163721.049:WARNING:pe_image_reader.cc(281)] could not read dos header from C:\Windows\SYSTEM32\kernel.appcore.dll
[0405/163721.049:ERROR:process_reader_win.cc(233)] ReadMemory at 0x75580000 of 64 bytes failed: Only part of a ReadProcessMemory or WriteProcessMemory request was completed. (0x12B)
[0405/163721.049:WARNING:pe_image_reader.cc(281)] could not read dos header from C:\Windows\SYSTEM32\shcore.dll
[0405/163721.049:ERROR:process_reader_win.cc(233)] ReadMemory at 0x75660000 of 64 bytes failed: Only part of a ReadProcessMemory or WriteProcessMemory request was completed. (0x12B)
[0405/163721.049:WARNING:pe_image_reader.cc(281)] could not read dos header from C:\Windows\SYSTEM32\powrprof.dll
[0405/163721.049:ERROR:process_reader_win.cc(233)] ReadMemory at 0x75a70000 of 64 bytes failed: Only part of a ReadProcessMemory or WriteProcessMemory request was completed. (0x12B)
[0405/163721.049:WARNING:pe_image_reader.cc(281)] could not read dos header from C:\Windows\SYSTEM32\profapi.dll
[0405/163721.049:ERROR:process_reader_win.cc(233)] ReadMemory at 0x74a00000 of 64 bytes failed: Only part of a ReadProcessMemory or WriteProcessMemory request was completed. (0x12B)
[0405/163721.049:WARNING:pe_image_reader.cc(281)] could not read dos header from C:\Windows\SYSTEM32\windows.storage.dll
[0405/163721.049:ERROR:process_reader_win.cc(233)] ReadMemory at 0x75fb0000 of 64 bytes failed: Only part of a ReadProcessMemory or WriteProcessMemory request was completed. (0x12B)
[0405/163721.049:WARNING:pe_image_reader.cc(281)] could not read dos header from C:\Windows\SYSTEM32\SHELL32.dll
[0405/163721.049:ERROR:process_reader_win.cc(233)] ReadMemory at 0x746a0000 of 64 bytes failed: Only part of a ReadProcessMemory or WriteProcessMemory request was completed. (0x12B)
[0405/163721.049:WARNING:pe_image_reader.cc(281)] could not read dos header from C:\Windows\SYSTEM32\cfgmgr32.dll
[0405/163721.049:ERROR:process_reader_win.cc(233)] ReadMemory at 0x71570000 of 64 bytes failed: Only part of a ReadProcessMemory or WriteProcessMemory request was completed. (0x12B)
[0405/163721.049:WARNING:pe_image_reader.cc(281)] could not read dos header from C:\Windows\SYSTEM32\DEVOBJ.dll
[0405/163721.049:ERROR:process_reader_win.cc(233)] ReadMemory at 0x6c930000 of 64 bytes failed: Only part of a ReadProcessMemory or WriteProcessMemory request was completed. (0x12B)
[0405/163721.049:WARNING:pe_image_reader.cc(281)] could not read dos header from C:\Windows\SYSTEM32\WINMMBASE.dll
[0405/163721.049:ERROR:process_reader_win.cc(233)] ReadMemory at 0x6c970000 of 64 bytes failed: Only part of a ReadProcessMemory or WriteProcessMemory request was completed. (0x12B)
[0405/163721.049:WARNING:pe_image_reader.cc(281)] could not read dos header from C:\Windows\SYSTEM32\WINMM.dll
[0405/163721.049:ERROR:process_reader_win.cc(233)] ReadMemory at 0x72ce0000 of 64 bytes failed: Only part of a ReadProcessMemory or WriteProcessMemory request was completed. (0x12B)
[0405/163721.049:WARNING:pe_image_reader.cc(281)] could not read dos header from C:\Windows\SYSTEM32\WTSAPI32.dll
[0405/163721.049:ERROR:process_reader_win.cc(233)] ReadMemory at 0x72e50000 of 64 bytes failed: Only part of a ReadProcessMemory or WriteProcessMemory request was completed. (0x12B)
[0405/163721.049:WARNING:pe_image_reader.cc(281)] could not read dos header from C:\Windows\SYSTEM32\USERENV.dll
[0405/163721.049:ERROR:process_reader_win.cc(233)] ReadMemory at 0x72830000 of 64 bytes failed: Only part of a ReadProcessMemory or WriteProcessMemory request was completed. (0x12B)
[0405/163721.049:WARNING:pe_image_reader.cc(281)] could not read dos header from C:\Windows\SYSTEM32\WINHTTP.dll
[0405/163721.049:ERROR:process_reader_win.cc(233)] ReadMemory at 0x74f50000 of 64 bytes failed: Only part of a ReadProcessMemory or WriteProcessMemory request was completed. (0x12B)
[0405/163721.049:WARNING:pe_image_reader.cc(281)] could not read dos header from C:\Windows\SYSTEM32\ole32.dll
[0405/163721.050:ERROR:process_reader_win.cc(233)] ReadMemory at 0x75cb0000 of 64 bytes failed: Only part of a ReadProcessMemory or WriteProcessMemory request was completed. (0x12B)
[0405/163721.050:WARNING:pe_image_reader.cc(281)] could not read dos header from C:\Windows\SYSTEM32\OLEAUT32.dll
[0405/163721.050:ERROR:process_reader_win.cc(233)] ReadMemory at 0x74690000 of 64 bytes failed: Only part of a ReadProcessMemory or WriteProcessMemory request was completed. (0x12B)
[0405/163721.050:WARNING:pe_image_reader.cc(281)] could not read dos header from C:\Windows\SYSTEM32\NSI.dll
[0405/163721.050:ERROR:process_reader_win.cc(233)] ReadMemory at 0x75520000 of 64 bytes failed: Only part of a ReadProcessMemory or WriteProcessMemory request was completed. (0x12B)
[0405/163721.050:WARNING:pe_image_reader.cc(281)] could not read dos header from C:\Windows\SYSTEM32\WS2_32.dll
[0405/163721.050:ERROR:process_reader_win.cc(233)] ReadMemory at 0x72280000 of 64 bytes failed: Only part of a ReadProcessMemory or WriteProcessMemory request was completed. (0x12B)
[0405/163721.050:WARNING:pe_image_reader.cc(281)] could not read dos header from C:\Windows\WinSxS\x86_microsoft.windows.common-controls_6595b64144ccf1df_6.0.10240.16384_none_3bccb1ff6bcd1849\COMCTL32.dll
[0405/163721.050:ERROR:process_reader_win.cc(233)] ReadMemory at 0x75d50000 of 64 bytes failed: Only part of a ReadProcessMemory or WriteProcessMemory request was completed. (0x12B)
[0405/163721.050:WARNING:pe_image_reader.cc(281)] could not read dos header from C:\Windows\SYSTEM32\COMDLG32.dll
[0405/163721.050:ERROR:process_reader_win.cc(233)] ReadMemory at 0x73be0000 of 64 bytes failed: Only part of a ReadProcessMemory or WriteProcessMemory request was completed. (0x12B)
[0405/163721.050:WARNING:pe_image_reader.cc(281)] could not read dos header from C:\Windows\SYSTEM32\dbghelp.dll
[0405/163721.050:ERROR:process_reader_win.cc(233)] ReadMemory at 0x69b80000 of 64 bytes failed: Only part of a ReadProcessMemory or WriteProcessMemory request was completed. (0x12B)
[0405/163721.050:WARNING:pe_image_reader.cc(281)] could not read dos header from C:\Windows\SYSTEM32\USP10.dll
[0405/163721.050:ERROR:process_reader_win.cc(233)] ReadMemory at 0x73ae0000 of 64 bytes failed: Only part of a ReadProcessMemory or WriteProcessMemory request was completed. (0x12B)
[0405/163721.050:WARNING:pe_image_reader.cc(281)] could not read dos header from C:\Windows\SYSTEM32\bcrypt.dll
[0405/163721.050:ERROR:process_reader_win.cc(233)] ReadMemory at 0x6a3b0000 of 64 bytes failed: Only part of a ReadProcessMemory or WriteProcessMemory request was completed. (0x12B)
[0405/163721.050:WARNING:pe_image_reader.cc(281)] could not read dos header from C:\Windows\SYSTEM32\WINSPOOL.DRV
[0405/163721.050:ERROR:process_reader_win.cc(233)] ReadMemory at 0x73b00000 of 64 bytes failed: Only part of a ReadProcessMemory or WriteProcessMemory request was completed. (0x12B)
[0405/163721.050:WARNING:pe_image_reader.cc(281)] could not read dos header from C:\Windows\SYSTEM32\WINNSI.DLL
[0405/163721.050:ERROR:process_reader_win.cc(233)] ReadMemory at 0x73490000 of 64 bytes failed: Only part of a ReadProcessMemory or WriteProcessMemory request was completed. (0x12B)
[0405/163721.050:WARNING:pe_image_reader.cc(281)] could not read dos header from C:\Windows\SYSTEM32\IPHLPAPI.DLL
[0405/163721.050:ERROR:process_reader_win.cc(233)] ReadMemory at 0x725e0000 of 64 bytes failed: Only part of a ReadProcessMemory or WriteProcessMemory request was completed. (0x12B)
[0405/163721.050:WARNING:pe_image_reader.cc(281)] could not read dos header from C:\Windows\SYSTEM32\Secur32.dll
[0405/163721.050:ERROR:process_reader_win.cc(233)] ReadMemory at 0x5d8d0000 of 64 bytes failed: Only part of a ReadProcessMemory or WriteProcessMemory request was completed. (0x12B)
[0405/163721.050:WARNING:pe_image_reader.cc(281)] could not read dos header from C:\Windows\SYSTEM32\DWrite.dll
[0405/163721.050:ERROR:process_reader_win.cc(233)] ReadMemory at 0x6eef0000 of 64 bytes failed: Only part of a ReadProcessMemory or WriteProcessMemory request was completed. (0x12B)
[0405/163721.050:WARNING:pe_image_reader.cc(281)] could not read dos header from C:\Windows\SYSTEM32\FONTSUB.dll
[0405/163721.050:ERROR:process_reader_win.cc(233)] ReadMemory at 0x74960000 of 64 bytes failed: Only part of a ReadProcessMemory or WriteProcessMemory request was completed. (0x12B)
[0405/163721.050:WARNING:pe_image_reader.cc(281)] could not read dos header from C:\Windows\SYSTEM32\MSASN1.dll
[0405/163721.050:ERROR:process_reader_win.cc(233)] ReadMemory at 0x746e0000 of 64 bytes failed: Only part of a ReadProcessMemory or WriteProcessMemory request was completed. (0x12B)
[0405/163721.050:WARNING:pe_image_reader.cc(281)] could not read dos header from C:\Windows\SYSTEM32\CRYPT32.dll
[0405/163721.050:ERROR:process_reader_win.cc(233)] ReadMemory at 0x75610000 of 64 bytes failed: Only part of a ReadProcessMemory or WriteProcessMemory request was completed. (0x12B)
[0405/163721.050:WARNING:pe_image_reader.cc(281)] could not read dos header from C:\Windows\SYSTEM32\WINTRUST.dll
[0405/163721.050:ERROR:process_reader_win.cc(233)] ReadMemory at 0x57d00000 of 64 bytes failed: Only part of a ReadProcessMemory or WriteProcessMemory request was completed. (0x12B)
[0405/163721.050:WARNING:pe_image_reader.cc(281)] could not read dos header from C:\Program Files (x86)\Google\Chrome\Application\56.0.2924.87\chrome_child.dll
[0405/163721.050:ERROR:process_reader_win.cc(233)] ReadMemory at 0xd70000 of 64 bytes failed: Only part of a ReadProcessMemory or WriteProcessMemory request was completed. (0x12B)
[0405/163721.050:WARNING:pe_image_reader.cc(281)] could not read dos header from C:\Program Files (x86)\Google\Chrome\Application\chrome.exe
[0405/163721.050:ERROR:process_reader_win.cc(233)] ReadMemory at 0x77370000 of 64 bytes failed: Only part of a ReadProcessMemory or WriteProcessMemory request was completed. (0x12B)
[0405/163721.050:WARNING:pe_image_reader.cc(281)] could not read dos header from C:\Windows\SYSTEM32\ntdll.dll
[0405/163721.050:ERROR:process_reader_win.cc(233)] ReadMemory at 0x75860000 of 64 bytes failed: Only part of a ReadProcessMemory or WriteProcessMemory request was completed. (0x12B)
[0405/163721.050:WARNING:pe_image_reader.cc(281)] could not read dos header from C:\Windows\SYSTEM32\KERNELBASE.dll
[0405/163721.050:ERROR:process_reader_win.cc(233)] ReadMemory at 0x745a0000 of 64 bytes failed: Only part of a ReadProcessMemory or WriteProcessMemory request was completed. (0x12B)
[0405/163721.050:WARNING:pe_image_reader.cc(281)] could not read dos header from C:\Windows\SYSTEM32\KERNEL32.DLL
[0405/163721.050:ERROR:process_reader_win.cc(233)] ReadMemory at 0x726e0000 of 64 bytes failed: Only part of a ReadProcessMemory or WriteProcessMemory request was completed. (0x12B)
[0405/163721.050:WARNING:pe_image_reader.cc(281)] could not read dos header from C:\Windows\system32\apphelp.dll
[0405/163721.050:ERROR:process_reader_win.cc(233)] ReadMemory at 0x75460000 of 64 bytes failed: Only part of a ReadProcessMemory or WriteProcessMemory request was completed. (0x12B)
[0405/163721.050:WARNING:pe_image_reader.cc(281)] could not read dos header from C:\Windows\SYSTEM32\msvcrt.dll
[0405/163721.050:ERROR:process_reader_win.cc(233)] ReadMemory at 0x726d0000 of 64 bytes failed: Only part of a ReadProcessMemory or WriteProcessMemory request was completed. (0x12B)
[0405/163721.050:WARNING:pe_image_reader.cc(281)] could not read dos header from C:\Windows\SYSTEM32\VERSION.dll
[0405/163721.050:ERROR:process_reader_win.cc(233)] ReadMemory at 0x685d0000 of 64 bytes failed: Only part of a ReadProcessMemory or WriteProcessMemory request was completed. (0x12B)
[0405/163721.050:WARNING:pe_image_reader.cc(281)] could not read dos header from C:\Program Files (x86)\Google\Chrome\Application\56.0.2924.87\chrome_elf.dll
[0405/163721.050:ERROR:process_reader_win.cc(233)] ReadMemory at 0x74410000 of 64 bytes failed: Only part of a ReadProcessMemory or WriteProcessMemory request was completed. (0x12B)
[0405/163721.050:WARNING:pe_image_reader.cc(281)] could not read dos header from C:\Windows\SYSTEM32\bcryptPrimitives.dll
[0405/163721.050:ERROR:process_reader_win.cc(233)] ReadMemory at 0x74470000 of 64 bytes failed: Only part of a ReadProcessMemory or WriteProcessMemory request was completed. (0x12B)
[0405/163721.050:WARNING:pe_image_reader.cc(281)] could not read dos header from C:\Windows\SYSTEM32\CRYPTBASE.dll
[0405/163721.050:ERROR:process_reader_win.cc(233)] ReadMemory at 0x74480000 of 64 bytes failed: Only part of a ReadProcessMemory or WriteProcessMemory request was completed. (0x12B)
[0405/163721.050:WARNING:pe_image_reader.cc(281)] could not read dos header from C:\Windows\SYSTEM32\SspiCli.dll
[0405/163721.050:ERROR:process_reader_win.cc(233)] ReadMemory at 0x744f0000 of 64 bytes failed: Only part of a ReadProcessMemory or WriteProcessMemory request was completed. (0x12B)
[0405/163721.050:WARNING:pe_image_reader.cc(281)] could not read dos header from C:\Windows\SYSTEM32\RPCRT4.dll
[0405/163721.050:ERROR:process_reader_win.cc(233)] ReadMemory at 0x744a0000 of 64 bytes failed: Only part of a ReadProcessMemory or WriteProcessMemory request was completed. (0x12B)
[0405/163721.050:WARNING:pe_image_reader.cc(281)] could not read dos header from C:\Windows\SYSTEM32\sechost.dll
[0405/163721.051:ERROR:process_reader_win.cc(233)] ReadMemory at 0x759e0000 of 64 bytes failed: Only part of a ReadProcessMemory or WriteProcessMemory request was completed. (0x12B)
[0405/163721.051:WARNING:pe_image_reader.cc(281)] could not read dos header from C:\Windows\SYSTEM32\ADVAPI32.dll
[0405/163721.051:ERROR:process_reader_win.cc(233)] ReadMemory at 0x74860000 of 64 bytes failed: Only part of a ReadProcessMemory or WriteProcessMemory request was completed. (0x12B)
[0405/163721.051:WARNING:pe_image_reader.cc(281)] could not read dos header from C:\Windows\SYSTEM32\PSAPI.DLL
[0405/163721.051:ERROR:process_reader_win.cc(233)] ReadMemory at 0x75180000 of 64 bytes failed: Only part of a ReadProcessMemory or WriteProcessMemory request was completed. (0x12B)
[0405/163721.051:WARNING:pe_image_reader.cc(281)] could not read dos header from C:\Windows\SYSTEM32\combase.dll
[0405/163721.051:ERROR:process_reader_win.cc(233)] ReadMemory at 0x75040000 of 64 bytes failed: Only part of a ReadProcessMemory or WriteProcessMemory request was completed. (0x12B)
[0405/163721.051:WARNING:pe_image_reader.cc(281)] could not read dos header from C:\Windows\SYSTEM32\USER32.dll
[0405/163721.051:ERROR:process_reader_win.cc(233)] ReadMemory at 0x75e60000 of 64 bytes failed: Only part of a ReadProcessMemory or WriteProcessMemory request was completed. (0x12B)
[0405/163721.051:WARNING:pe_image_reader.cc(281)] could not read dos header from C:\Windows\SYSTEM32\GDI32.dll
[0405/163721.051:ERROR:process_reader_win.cc(233)] ReadMemory at 0x75340000 of 64 bytes failed: Only part of a ReadProcessMemory or WriteProcessMemory request was completed. (0x12B)
[0405/163721.051:WARNING:pe_image_reader.cc(281)] could not read dos header from C:\Windows\SYSTEM32\MSCTF.dll
[0405/163721.051:ERROR:process_reader_win.cc(233)] ReadMemory at 0x74970000 of 64 bytes failed: Only part of a ReadProcessMemory or WriteProcessMemory request was completed. (0x12B)
[0405/163721.051:WARNING:pe_image_reader.cc(281)] could not read dos header from C:\Windows\SYSTEM32\IMM32.DLL
[0405/163721.051:ERROR:process_reader_win.cc(233)] ReadMemory at 0x75e10000 of 64 bytes failed: Only part of a ReadProcessMemory or WriteProcessMemory request was completed. (0x12B)
[0405/163721.051:WARNING:pe_image_reader.cc(281)] could not read dos header from C:\Windows\SYSTEM32\shlwapi.dll
[0405/163721.051:ERROR:process_reader_win.cc(233)] ReadMemory at 0x75a60000 of 64 bytes failed: Only part of a ReadProcessMemory or WriteProcessMemory request was completed. (0x12B)
[0405/163721.051:WARNING:pe_image_reader.cc(281)] could not read dos header from C:\Windows\SYSTEM32\kernel.appcore.dll
[0405/163721.051:ERROR:process_reader_win.cc(233)] ReadMemory at 0x75580000 of 64 bytes failed: Only part of a ReadProcessMemory or WriteProcessMemory request was completed. (0x12B)
[0405/163721.051:WARNING:pe_image_reader.cc(281)] could not read dos header from C:\Windows\SYSTEM32\shcore.dll
[0405/163721.051:ERROR:process_reader_win.cc(233)] ReadMemory at 0x75660000 of 64 bytes failed: Only part of a ReadProcessMemory or WriteProcessMemory request was completed. (0x12B)
[0405/163721.051:WARNING:pe_image_reader.cc(281)] could not read dos header from C:\Windows\SYSTEM32\powrprof.dll
[0405/163721.051:ERROR:process_reader_win.cc(233)] ReadMemory at 0x75a70000 of 64 bytes failed: Only part of a ReadProcessMemory or WriteProcessMemory request was completed. (0x12B)
[0405/163721.051:WARNING:pe_image_reader.cc(281)] could not read dos header from C:\Windows\SYSTEM32\profapi.dll
[0405/163721.051:ERROR:process_reader_win.cc(233)] ReadMemory at 0x74a00000 of 64 bytes failed: Only part of a ReadProcessMemory or WriteProcessMemory request was completed. (0x12B)
[0405/163721.051:WARNING:pe_image_reader.cc(281)] could not read dos header from C:\Windows\SYSTEM32\windows.storage.dll
[0405/163721.051:ERROR:process_reader_win.cc(233)] ReadMemory at 0x75fb0000 of 64 bytes failed: Only part of a ReadProcessMemory or WriteProcessMemory request was completed. (0x12B)
[0405/163721.051:WARNING:pe_image_reader.cc(281)] could not read dos header from C:\Windows\SYSTEM32\SHELL32.dll
[0405/163721.051:ERROR:process_reader_win.cc(233)] ReadMemory at 0x746a0000 of 64 bytes failed: Only part of a ReadProcessMemory or WriteProcessMemory request was completed. (0x12B)
[0405/163721.051:WARNING:pe_image_reader.cc(281)] could not read dos header from C:\Windows\SYSTEM32\cfgmgr32.dll
[0405/163721.051:ERROR:process_reader_win.cc(233)] ReadMemory at 0x71570000 of 64 bytes failed: Only part of a ReadProcessMemory or WriteProcessMemory request was completed. (0x12B)
[0405/163721.051:WARNING:pe_image_reader.cc(281)] could not read dos header from C:\Windows\SYSTEM32\DEVOBJ.dll
[0405/163721.051:ERROR:process_reader_win.cc(233)] ReadMemory at 0x6c930000 of 64 bytes failed: Only part of a ReadProcessMemory or WriteProcessMemory request was completed. (0x12B)
[0405/163721.051:WARNING:pe_image_reader.cc(281)] could not read dos header from C:\Windows\SYSTEM32\WINMMBASE.dll
[0405/163721.051:ERROR:process_reader_win.cc(233)] ReadMemory at 0x6c970000 of 64 bytes failed: Only part of a ReadProcessMemory or WriteProcessMemory request was completed. (0x12B)
[0405/163721.051:WARNING:pe_image_reader.cc(281)] could not read dos header from C:\Windows\SYSTEM32\WINMM.dll
[0405/163721.051:ERROR:process_reader_win.cc(233)] ReadMemory at 0x72ce0000 of 64 bytes failed: Only part of a ReadProcessMemory or WriteProcessMemory request was completed. (0x12B)
[0405/163721.051:WARNING:pe_image_reader.cc(281)] could not read dos header from C:\Windows\SYSTEM32\WTSAPI32.dll
[0405/163721.052:ERROR:process_reader_win.cc(233)] ReadMemory at 0x72e50000 of 64 bytes failed: Only part of a ReadProcessMemory or WriteProcessMemory request was completed. (0x12B)
[0405/163721.052:WARNING:pe_image_reader.cc(281)] could not read dos header from C:\Windows\SYSTEM32\USERENV.dll
[0405/163721.052:ERROR:process_reader_win.cc(233)] ReadMemory at 0x72830000 of 64 bytes failed: Only part of a ReadProcessMemory or WriteProcessMemory request was completed. (0x12B)
[0405/163721.052:WARNING:pe_image_reader.cc(281)] could not read dos header from C:\Windows\SYSTEM32\WINHTTP.dll
[0405/163721.052:ERROR:process_reader_win.cc(233)] ReadMemory at 0x74f50000 of 64 bytes failed: Only part of a ReadProcessMemory or WriteProcessMemory request was completed. (0x12B)
[0405/163721.052:WARNING:pe_image_reader.cc(281)] could not read dos header from C:\Windows\SYSTEM32\ole32.dll
[0405/163721.052:ERROR:process_reader_win.cc(233)] ReadMemory at 0x75cb0000 of 64 bytes failed: Only part of a ReadProcessMemory or WriteProcessMemory request was completed. (0x12B)
[0405/163721.052:WARNING:pe_image_reader.cc(281)] could not read dos header from C:\Windows\SYSTEM32\OLEAUT32.dll
[0405/163721.052:ERROR:process_reader_win.cc(233)] ReadMemory at 0x74690000 of 64 bytes failed: Only part of a ReadProcessMemory or WriteProcessMemory request was completed. (0x12B)
[0405/163721.052:WARNING:pe_image_reader.cc(281)] could not read dos header from C:\Windows\SYSTEM32\NSI.dll
[0405/163721.052:ERROR:process_reader_win.cc(233)] ReadMemory at 0x75520000 of 64 bytes failed: Only part of a ReadProcessMemory or WriteProcessMemory request was completed. (0x12B)
[0405/163721.052:WARNING:pe_image_reader.cc(281)] could not read dos header from C:\Windows\SYSTEM32\WS2_32.dll
[0405/163721.052:ERROR:process_reader_win.cc(233)] ReadMemory at 0x72280000 of 64 bytes failed: Only part of a ReadProcessMemory or WriteProcessMemory request was completed. (0x12B)
[0405/163721.052:WARNING:pe_image_reader.cc(281)] could not read dos header from C:\Windows\WinSxS\x86_microsoft.windows.common-controls_6595b64144ccf1df_6.0.10240.16384_none_3bccb1ff6bcd1849\COMCTL32.dll
[0405/163721.052:ERROR:process_reader_win.cc(233)] ReadMemory at 0x75d50000 of 64 bytes failed: Only part of a ReadProcessMemory or WriteProcessMemory request was completed. (0x12B)
[0405/163721.052:WARNING:pe_image_reader.cc(281)] could not read dos header from C:\Windows\SYSTEM32\COMDLG32.dll
[0405/163721.052:ERROR:process_reader_win.cc(233)] ReadMemory at 0x73be0000 of 64 bytes failed: Only part of a ReadProcessMemory or WriteProcessMemory request was completed. (0x12B)
[0405/163721.052:WARNING:pe_image_reader.cc(281)] could not read dos header from C:\Windows\SYSTEM32\dbghelp.dll
[0405/163721.052:ERROR:process_reader_win.cc(233)] ReadMemory at 0x69b80000 of 64 bytes failed: Only part of a ReadProcessMemory or WriteProcessMemory request was completed. (0x12B)
[0405/163721.052:WARNING:pe_image_reader.cc(281)] could not read dos header from C:\Windows\SYSTEM32\USP10.dll
[0405/163721.052:ERROR:process_reader_win.cc(233)] ReadMemory at 0x73ae0000 of 64 bytes failed: Only part of a ReadProcessMemory or WriteProcessMemory request was completed. (0x12B)
[0405/163721.052:WARNING:pe_image_reader.cc(281)] could not read dos header from C:\Windows\SYSTEM32\bcrypt.dll
[0405/163721.052:ERROR:process_reader_win.cc(233)] ReadMemory at 0x6a3b0000 of 64 bytes failed: Only part of a ReadProcessMemory or WriteProcessMemory request was completed. (0x12B)
[0405/163721.052:WARNING:pe_image_reader.cc(281)] could not read dos header from C:\Windows\SYSTEM32\WINSPOOL.DRV
[0405/163721.052:ERROR:process_reader_win.cc(233)] ReadMemory at 0x73b00000 of 64 bytes failed: Only part of a ReadProcessMemory or WriteProcessMemory request was completed. (0x12B)
[0405/163721.052:WARNING:pe_image_reader.cc(281)] could not read dos header from C:\Windows\SYSTEM32\WINNSI.DLL
[0405/163721.052:ERROR:process_reader_win.cc(233)] ReadMemory at 0x73490000 of 64 bytes failed: Only part of a ReadProcessMemory or WriteProcessMemory request was completed. (0x12B)
[0405/163721.052:WARNING:pe_image_reader.cc(281)] could not read dos header from C:\Windows\SYSTEM32\IPHLPAPI.DLL
[0405/163721.052:ERROR:process_reader_win.cc(233)] ReadMemory at 0x725e0000 of 64 bytes failed: Only part of a ReadProcessMemory or WriteProcessMemory request was completed. (0x12B)
[0405/163721.052:WARNING:pe_image_reader.cc(281)] could not read dos header from C:\Windows\SYSTEM32\Secur32.dll
[0405/163721.052:ERROR:process_reader_win.cc(233)] ReadMemory at 0x5d8d0000 of 64 bytes failed: Only part of a ReadProcessMemory or WriteProcessMemory request was completed. (0x12B)
[0405/163721.052:WARNING:pe_image_reader.cc(281)] could not read dos header from C:\Windows\SYSTEM32\DWrite.dll
[0405/163721.052:ERROR:process_reader_win.cc(233)] ReadMemory at 0x6eef0000 of 64 bytes failed: Only part of a ReadProcessMemory or WriteProcessMemory request was completed. (0x12B)
[0405/163721.052:WARNING:pe_image_reader.cc(281)] could not read dos header from C:\Windows\SYSTEM32\FONTSUB.dll
[0405/163721.052:ERROR:process_reader_win.cc(233)] ReadMemory at 0x74960000 of 64 bytes failed: Only part of a ReadProcessMemory or WriteProcessMemory request was completed. (0x12B)
[0405/163721.052:WARNING:pe_image_reader.cc(281)] could not read dos header from C:\Windows\SYSTEM32\MSASN1.dll
[0405/163721.052:ERROR:process_reader_win.cc(233)] ReadMemory at 0x746e0000 of 64 bytes failed: Only part of a ReadProcessMemory or WriteProcessMemory request was completed. (0x12B)
[0405/163721.052:WARNING:pe_image_reader.cc(281)] could not read dos header from C:\Windows\SYSTEM32\CRYPT32.dll
[0405/163721.052:ERROR:process_reader_win.cc(233)] ReadMemory at 0x75610000 of 64 bytes failed: Only part of a ReadProcessMemory or WriteProcessMemory request was completed. (0x12B)
[0405/163721.052:WARNING:pe_image_reader.cc(281)] could not read dos header from C:\Windows\SYSTEM32\WINTRUST.dll
[0405/163721.052:ERROR:process_reader_win.cc(233)] ReadMemory at 0x57d00000 of 64 bytes failed: Only part of a ReadProcessMemory or WriteProcessMemory request was completed. (0x12B)
[0405/163721.052:WARNING:pe_image_reader.cc(281)] could not read dos header from C:\Program Files (x86)\Google\Chrome\Application\56.0.2924.87\chrome_child.dll
[0405/163721.456:ERROR:process_reader_win.cc(233)] ReadMemory at 0x761000 of 61440 bytes failed: Only part of a ReadProcessMemory or WriteProcessMemory request was completed. (0x12B)
[0405/163721.456:ERROR:crash_report_exception_handler.cc(111)] WriteEverything failed
[0405/163721.460:ERROR:scoped_process_suspend.cc(38)] NtResumeProcess: An attempt was made to access an exiting process.  (0xc000010a)
[0413/132709.615:ERROR:process_info.cc(625)] range at 0xcff02c3a00000000, size 0x86 fully unreadable
[0413/132710.063:ERROR:process_info.cc(625)] range at 0xcff02c9c00000000, size 0x86 fully unreadable
[0413/132710.063:ERROR:process_info.cc(625)] range at 0x0, size 0x86 fully unreadable
[0413/132710.211:ERROR:process_info.cc(373)] UncheckedAllocate
