#
# There is insufficient memory for the Java Runtime Environment to continue.
# Native memory allocation (malloc) failed to allocate 32744 bytes for ChunkPool::allocate
# Possible reasons:
#   The system is out of physical RAM or swap space
#   In 32 bit mode, the process size limit was hit
# Possible solutions:
#   Reduce memory load on the system
#   Increase physical memory or swap space
#   Check if swap backing store is full
#   Use 64 bit Java on a 64 bit OS
#   Decrease Java heap size (-Xmx/-Xms)
#   Decrease number of Java threads
#   Decrease Java thread stack sizes (-Xss)
#   Set larger code cache with -XX:ReservedCodeCacheSize=
# This output file may be truncated or incomplete.
#
#  Out of Memory Error (allocation.cpp:273), pid=12116, tid=0x00000000000044b0
#
# JRE version: Java(TM) SE Runtime Environment (8.0_111-b14) (build 1.8.0_111-b14)
# Java VM: Java HotSpot(TM) 64-Bit Server VM (25.111-b14 mixed mode windows-amd64 compressed oops)
# Failed to write core dump. Minidumps are not enabled by default on client versions of Windows
#

---------------  T H R E A D  ---------------

Current thread (0x0000000017419800):  JavaThread "C2 CompilerThread1" daemon [_thread_in_native, id=17584, stack(0x0000000018b60000,0x0000000018c60000)]

Stack: [0x0000000018b60000,0x0000000018c60000]
[error occurred during error reporting (printing stack bounds), id 0xc0000005]

Native frames: (J=compiled Java code, j=interpreted, Vv=VM code, C=native code)


Current CompileTask:
C2:  38845  411       4       sun.security.provider.SHA::implCompress (491 bytes)


---------------  P R O C E S S  ---------------

Java Threads: ( => current thread )
  0x00000000196c3800 JavaThread "ReaderThread" [_thread_in_native, id=16032, stack(0x0000000019e40000,0x0000000019f40000)]
  0x0000000018d84000 JavaThread "Service Thread" daemon [_thread_blocked, id=16088, stack(0x0000000019160000,0x0000000019260000)]
  0x000000001745d800 JavaThread "C1 CompilerThread2" daemon [_thread_blocked, id=3772, stack(0x0000000018c60000,0x0000000018d60000)]
=>0x0000000017419800 JavaThread "C2 CompilerThread1" daemon [_thread_in_native, id=17584, stack(0x0000000018b60000,0x0000000018c60000)]
  0x0000000017413800 JavaThread "C2 CompilerThread0" daemon [_thread_blocked, id=10564, stack(0x0000000018a60000,0x0000000018b60000)]
  0x0000000017412000 JavaThread "Attach Listener" daemon [_thread_blocked, id=7660, stack(0x0000000018960000,0x0000000018a60000)]
  0x0000000017411000 JavaThread "Signal Dispatcher" daemon [_thread_blocked, id=15228, stack(0x0000000018860000,0x0000000018960000)]
  0x00000000173fa800 JavaThread "Finalizer" daemon [_thread_blocked, id=15224, stack(0x0000000018680000,0x0000000018780000)]
  0x0000000002913000 JavaThread "Reference Handler" daemon [_thread_blocked, id=14944, stack(0x0000000018580000,0x0000000018680000)]
  0x0000000002824000 JavaThread "main" [_thread_in_native, id=13988, stack(0x0000000002720000,0x0000000002820000)]

Other Threads:
  0x00000000173d7000 VMThread [stack: 0x0000000018480000,0x0000000018580000] [id=9908]
  0x0000000018d98000 WatcherThread [stack: 0x0000000019260000,0x0000000019360000] [id=12540]

VM state:not at safepoint (normal execution)

VM Mutex/Monitor currently owned by a thread: None

Heap:
 PSYoungGen      total 37888K, used 10517K [0x00000000d6000000, 0x00000000d8a00000, 0x0000000100000000)
  eden space 32768K, 32% used [0x00000000d6000000,0x00000000d6a45740,0x00000000d8000000)
  from space 5120K, 0% used [0x00000000d8500000,0x00000000d8500000,0x00000000d8a00000)
  to   space 5120K, 0% used [0x00000000d8000000,0x00000000d8000000,0x00000000d8500000)
 ParOldGen       total 86016K, used 0K [0x0000000082000000, 0x0000000087400000, 0x00000000d6000000)
  object space 86016K, 0% used [0x0000000082000000,0x0000000082000000,0x0000000087400000)
 Metaspace       used 6233K, capacity 6326K, committed 6528K, reserved 1056768K
  class space    used 740K, capacity 785K, committed 896K, reserved 1048576K

Card table byte_map: [0x0000000011ce0000,0x00000000120e0000] byte_map_base: 0x00000000118d0000

Marking Bits: (ParMarkBitMap*) 0x00000000652ca6c0
 Begin Bits: [0x0000000012780000, 0x0000000014700000)
 End Bits:   [0x0000000014700000, 0x0000000016680000)

Polling page: 0x0000000000cc0000

CodeCache: size=245760Kb used=2087Kb max_used=2098Kb free=243672Kb
 bounds [0x0000000002920000, 0x0000000002b90000, 0x0000000011920000]
 total_blobs=700 nmethods=410 adapters=203
 compilation: enabled

Compilation events (10 events):
Event: 22.869 Thread 0x000000001745d800 nmethod 406 0x0000000002b291d0 code [0x0000000002b29320, 0x0000000002b29470]
Event: 22.869 Thread 0x000000001745d800  407       3       java.util.concurrent.atomic.AtomicLong::compareAndSet (13 bytes)
Event: 22.869 Thread 0x000000001745d800 nmethod 407 0x0000000002b28e90 code [0x0000000002b28fe0, 0x0000000002b29150]
Event: 35.218 Thread 0x0000000017413800  408 %     4       sun.security.provider.SHA::implCompress @ 12 (491 bytes)
Event: 35.249 Thread 0x0000000017413800 nmethod 408% 0x0000000002b2d350 code [0x0000000002b2d4a0, 0x0000000002b2df78]
Event: 36.873 Thread 0x000000001745d800  409       3       java.util.Random::nextBoolean (14 bytes)
Event: 36.874 Thread 0x000000001745d800 nmethod 409 0x0000000002b28a10 code [0x0000000002b28b80, 0x0000000002b28de8]
Event: 36.874 Thread 0x000000001745d800  410       3       java.util.Random::next (47 bytes)
Event: 36.874 Thread 0x000000001745d800 nmethod 410 0x0000000002b2cc50 code [0x0000000002b2cdc0, 0x0000000002b2d1d0]
Event: 38.683 Thread 0x0000000017419800  411       4       sun.security.provider.SHA::implCompress (491 bytes)

GC Heap History (0 events):
No events

Deoptimization events (4 events):
Event: 0.618 Thread 0x0000000002824000 Uncommon trap: reason=unstable_if action=reinterpret pc=0x0000000002a36cb8 method=java.lang.String.hashCode()I @ 14
Event: 1.090 Thread 0x0000000002824000 Uncommon trap: reason=unstable_if action=reinterpret pc=0x0000000002a7a068 method=java.lang.String.startsWith(Ljava/lang/String;I)Z @ 25
Event: 1.296 Thread 0x0000000002824000 Uncommon trap: reason=unstable_if action=reinterpret pc=0x0000000002a7cee0 method=java.lang.String.indexOf([CII[CIII)I @ 3
Event: 1.596 Thread 0x0000000002824000 Uncommon trap: reason=unstable_if action=reinterpret pc=0x0000000002b07f30 method=java.io.WinNTFileSystem.normalize(Ljava/lang/String;)Ljava/lang/String; @ 128

Internal exceptions (10 events):
Event: 0.691 Thread 0x0000000002824000 Exception <a 'java/security/PrivilegedActionException'> (0x00000000d634ab38) thrown at [C:\re\workspace\8-2-build-windows-amd64-cygwin\jdk8u111\7883\hotspot\src\share\vm\prims\jvm.cpp, line 1386]
Event: 0.691 Thread 0x0000000002824000 Exception <a 'java/security/PrivilegedActionException'> (0x00000000d634ad48) thrown at [C:\re\workspace\8-2-build-windows-amd64-cygwin\jdk8u111\7883\hotspot\src\share\vm\prims\jvm.cpp, line 1386]
Event: 1.115 Thread 0x0000000002824000 Exception <a 'java/security/PrivilegedActionException'> (0x00000000d63c0eb8) thrown at [C:\re\workspace\8-2-build-windows-amd64-cygwin\jdk8u111\7883\hotspot\src\share\vm\prims\jvm.cpp, line 1386]
Event: 1.115 Thread 0x0000000002824000 Exception <a 'java/security/PrivilegedActionException'> (0x00000000d63c10c8) thrown at [C:\re\workspace\8-2-build-windows-amd64-cygwin\jdk8u111\7883\hotspot\src\share\vm\prims\jvm.cpp, line 1386]
Event: 1.115 Thread 0x0000000002824000 Exception <a 'java/security/PrivilegedActionException'> (0x00000000d63c20b8) thrown at [C:\re\workspace\8-2-build-windows-amd64-cygwin\jdk8u111\7883\hotspot\src\share\vm\prims\jvm.cpp, line 1386]
Event: 1.115 Thread 0x0000000002824000 Exception <a 'java/security/PrivilegedActionException'> (0x00000000d63c22c8) thrown at [C:\re\workspace\8-2-build-windows-amd64-cygwin\jdk8u111\7883\hotspot\src\share\vm\prims\jvm.cpp, line 1386]
Event: 1.115 Thread 0x0000000002824000 Exception <a 'java/security/PrivilegedActionException'> (0x00000000d63c3310) thrown at [C:\re\workspace\8-2-build-windows-amd64-cygwin\jdk8u111\7883\hotspot\src\share\vm\prims\jvm.cpp, line 1386]
Event: 1.115 Thread 0x0000000002824000 Exception <a 'java/security/PrivilegedActionException'> (0x00000000d63c3520) thrown at [C:\re\workspace\8-2-build-windows-amd64-cygwin\jdk8u111\7883\hotspot\src\share\vm\prims\jvm.cpp, line 1386]
Event: 1.117 Thread 0x0000000002824000 Exception <a 'java/security/PrivilegedActionException'> (0x00000000d63caf20) thrown at [C:\re\workspace\8-2-build-windows-amd64-cygwin\jdk8u111\7883\hotspot\src\share\vm\prims\jvm.cpp, line 1386]
Event: 1.117 Thread 0x0000000002824000 Exception <a 'java/security/PrivilegedActionException'> (0x00000000d63cb130) thrown at [C:\re\workspace\8-2-build-windows-amd64-cygwin\jdk8u111\7883\hotspot\src\share\vm\prims\jvm.cpp, line 1386]

Events (10 events):
Event: 1.883 loading class sun/nio/fs/WindowsDirectoryStream$WindowsDirectoryIterator
Event: 1.884 loading class sun/nio/fs/WindowsDirectoryStream$WindowsDirectoryIterator done
Event: 2.181 loading class sun/nio/fs/WindowsPath$WindowsPathWithAttributes
Event: 2.181 loading class sun/nio/fs/BasicFileAttributesHolder
Event: 2.181 loading class sun/nio/fs/BasicFileAttributesHolder done
Event: 2.182 loading class sun/nio/fs/WindowsPath$WindowsPathWithAttributes done
Event: 4.629 Executing VM operation: EnableBiasedLocking
Event: 4.629 Executing VM operation: EnableBiasedLocking done
Event: 38.683 Thread 0x0000000002824000 DEOPT PACKING pc=0x0000000002afe73e sp=0x000000000281cf50
Event: 38.683 Thread 0x0000000002824000 DEOPT UNPACKING pc=0x000000000296787f sp=0x000000000281cc50 mode 0


Dynamic libraries:
0x00007ff7f8160000 - 0x00007ff7f8197000 	C:\Program Files\Java\jre1.8.0_111\bin\javaw.exe
0x00007fffb1eb0000 - 0x00007fffb205c000 	C:\Windows\SYSTEM32\ntdll.dll
0x00007fffb0e50000 - 0x00007fffb0f8e000 	C:\Windows\system32\KERNEL32.DLL
0x00007fffaf0d0000 - 0x00007fffaf1e5000 	C:\Windows\system32\KERNELBASE.dll
0x00007fffacdb0000 - 0x00007ffface3e000 	C:\Windows\system32\apphelp.dll
0x00007fffa3ad0000 - 0x00007fffa3b23000 	C:\Windows\AppPatch\AppPatch64\AcGenral.DLL
0x00007fffb1510000 - 0x00007fffb15ba000 	C:\Windows\system32\msvcrt.dll
0x00007fffaee30000 - 0x00007fffaee5e000 	C:\Windows\SYSTEM32\SspiCli.dll
0x00007fffb1690000 - 0x00007fffb16e4000 	C:\Windows\system32\SHLWAPI.dll
0x00007fffaf530000 - 0x00007fffaf6a7000 	C:\Windows\system32\USER32.dll
0x00007fffb0cb0000 - 0x00007fffb0e44000 	C:\Windows\system32\ole32.dll
0x00007fffaf6c0000 - 0x00007fffb0beb000 	C:\Windows\system32\SHELL32.dll
0x00007fffae5a0000 - 0x00007fffae5c1000 	C:\Windows\SYSTEM32\USERENV.dll
0x00007fffb1270000 - 0x00007fffb131a000 	C:\Windows\system32\ADVAPI32.dll
0x00007fffa3ab0000 - 0x00007fffa3ace000 	C:\Windows\SYSTEM32\MPR.dll
0x00007fffb1840000 - 0x00007fffb1981000 	C:\Windows\system32\RPCRT4.dll
0x00007fffb1200000 - 0x00007fffb1259000 	C:\Windows\SYSTEM32\sechost.dll
0x00007fffb1a00000 - 0x00007fffb1c11000 	C:\Windows\SYSTEM32\combase.dll
0x00007fffb16f0000 - 0x00007fffb183f000 	C:\Windows\system32\GDI32.dll
0x00007fffaf000000 - 0x00007fffaf015000 	C:\Windows\SYSTEM32\profapi.dll
0x00007fffad8c0000 - 0x00007fffad972000 	C:\Windows\SYSTEM32\SHCORE.dll
0x00007fffb10f0000 - 0x00007fffb1126000 	C:\Windows\system32\IMM32.DLL
0x00007fffb0f90000 - 0x00007fffb10e2000 	C:\Windows\system32\MSCTF.dll
0x00007fffad220000 - 0x00007fffad49b000 	C:\Windows\WinSxS\amd64_microsoft.windows.common-controls_6595b64144ccf1df_6.0.9600.18006_none_623f33d3ecbe86e8\COMCTL32.dll
0x0000000065350000 - 0x0000000065422000 	C:\Program Files\Java\jre1.8.0_111\bin\msvcr100.dll
0x0000000064ab0000 - 0x000000006534a000 	C:\Program Files\Java\jre1.8.0_111\bin\server\jvm.dll
0x00007fffa2cd0000 - 0x00007fffa2cd9000 	C:\Windows\SYSTEM32\WSOCK32.dll
0x00007fffa2be0000 - 0x00007fffa2c02000 	C:\Windows\SYSTEM32\WINMM.dll
0x00007fffa3b50000 - 0x00007fffa3b5a000 	C:\Windows\SYSTEM32\VERSION.dll
0x00007fffaf6b0000 - 0x00007fffaf6b7000 	C:\Windows\system32\PSAPI.DLL
0x00007fffb1990000 - 0x00007fffb19ea000 	C:\Windows\system32\WS2_32.dll
0x00007fffa2bb0000 - 0x00007fffa2bda000 	C:\Windows\SYSTEM32\WINMMBASE.dll
0x00007fffb1320000 - 0x00007fffb1329000 	C:\Windows\system32\NSI.dll
0x00007fffaf2a0000 - 0x00007fffaf2ef000 	C:\Windows\SYSTEM32\cfgmgr32.dll
0x00007fffaddf0000 - 0x00007fffade18000 	C:\Windows\SYSTEM32\DEVOBJ.dll
0x0000000064aa0000 - 0x0000000064aaf000 	C:\Program Files\Java\jre1.8.0_111\bin\verify.dll
0x0000000064a70000 - 0x0000000064a99000 	C:\Program Files\Java\jre1.8.0_111\bin\java.dll
0x0000000064a50000 - 0x0000000064a66000 	C:\Program Files\Java\jre1.8.0_111\bin\zip.dll
0x0000000064700000 - 0x000000006471a000 	C:\Program Files\Java\jre1.8.0_111\bin\net.dll
0x00007fffae810000 - 0x00007fffae869000 	C:\Windows\system32\mswsock.dll
0x00007fffae610000 - 0x00007fffae6b4000 	C:\Windows\SYSTEM32\DNSAPI.dll
0x00007fffa9180000 - 0x00007fffa918a000 	C:\Windows\System32\rasadhlp.dll
0x00007fffa9c00000 - 0x00007fffa9c6b000 	C:\Windows\System32\fwpuclnt.dll
0x00007fffae870000 - 0x00007fffae890000 	C:\Windows\SYSTEM32\CRYPTSP.dll
0x00007fffae490000 - 0x00007fffae4c6000 	C:\Windows\system32\rsaenh.dll
0x00007fffaeb90000 - 0x00007fffaebb6000 	C:\Windows\SYSTEM32\bcrypt.dll
0x00007fffaee60000 - 0x00007fffaeec3000 	C:\Windows\system32\bcryptprimitives.dll
0x00007fffaeed0000 - 0x00007fffaeedb000 	C:\Windows\SYSTEM32\CRYPTBASE.dll
0x00007fffab0b0000 - 0x00007fffab0da000 	C:\Windows\SYSTEM32\IPHLPAPI.DLL
0x00007fffab090000 - 0x00007fffab09a000 	C:\Windows\SYSTEM32\WINNSI.DLL
0x00007fffa9ce0000 - 0x00007fffa9cf6000 	C:\Windows\SYSTEM32\dhcpcsvc6.DLL
0x00007fffa9cc0000 - 0x00007fffa9cda000 	C:\Windows\SYSTEM32\dhcpcsvc.DLL
0x00000000646e0000 - 0x00000000646f1000 	C:\Program Files\Java\jre1.8.0_111\bin\nio.dll

VM Arguments:
jvm_args: -ea -Dfile.encoding=UTF-8 
java_command: org.testng.remote.RemoteTestNG -serport 65301 -protocol json -d C:\Users\kanikasharma\Desktop\netforumqatests\test-output C:\Users\KANIKA~1\AppData\Local\Temp\testng-eclipse-780842892\testng-customsuite.xml
java_class_path (initial): C:\Users\kanikasharma\Downloads\eclipse-jee-mars-2-win32-x86_64\eclipse\plugins\org.testng.eclipse_6.9.11.201604020423\lib\testng-remote.jar;C:\Users\kanikasharma\Desktop\netforumqatests\target\test-classes;C:\Users\kanikasharma\Desktop\netforumqatests\target\classes;C:\Users\kanikasharma\.m2\repository;C:\Users\kanikasharma\Downloads\eclipse-jee-mars-2-win32-x86_64\eclipse\plugins\org.testng.eclipse_6.9.11.201604020423\lib\testng.jar;C:\Users\kanikasharma\Downloads\eclipse-jee-mars-2-win32-x86_64\eclipse\plugins\org.testng.eclipse_6.9.11.201604020423\lib\jcommander.jar;C:\Users\kanikasharma\Downloads\eclipse-jee-mars-2-win32-x86_64\eclipse\plugins\org.testng.eclipse_6.9.11.201604020423\lib\bsh-2.0b4.jar;C:\Users\kanikasharma\Downloads\eclipse-jee-mars-2-win32-x86_64\eclipse\plugins\org.testng.eclipse_6.9.11.201604020423\lib\snakeyaml.jar;C:\Users\kanikasharma\Downloads\selenium-server-standalone-2.53.0.jar;C:\Users\kanikasharma\.m2\repository\org\testng\testng\6.8.8\testng-6.8.8.jar;C:\Users\kanikasharma\.m2\repository\org\beanshell\bsh\2.0b4\bsh-2.0b4.jar;C:\Users\kanikasharma\.m2\repository\com\beust\jcommander\1.27\jcommander-1.27.jar;C:\Users\kanikasharma\.m2\repository\commons-net\commons-net\3.4\commons-net-3.4.jar;C:\Users\kanikasharma\.m2\repository\javax\mail\mail\1.4.3\mail-1.4.3.jar;C:\Users\kanikasharma\.m2\repository\javax\activation\activation\1.1\activation-1.1.jar;C:\Users\kanikasharma\.m2\repository\org\seleniumhq\selenium\selenium-java\2.53.1\selenium-java-2.53.1.jar;C:\Users\kanikasharma\.m2\repository\org\seleniumhq\selenium\selenium-chrome-driver\2.53.1\selenium-chrome-driver-2.53.1.jar;C:\Users\kanikasharma\.m2\repository\org\seleniumhq\selenium\selenium-remote-driver\2.53.1\selenium-remote-driver-2.53.1.jar;C:\Users\kanikasharma\.m2\repository\cglib\cglib-nodep\2.1_3\cglib-nodep-2.1_3.jar;C:\Users\kanikasharma\.m2\repository\com\google\code\gson\gson\2.3.1\gson-2.3.1.jar;C:\Users\kanikasharma\.m2\repository\org\se
Launcher Type: SUN_STANDARD

Environment Variables:
JAVA_HOME=C:\Program Files\Java\jdk1.8.0_91
PATH=C:/Program Files/Java/jre1.8.0_111/bin/server;C:/Program Files/Java/jre1.8.0_111/bin;C:/Program Files/Java/jre1.8.0_111/lib/amd64;C:\ProgramData\Oracle\Java\javapath;C:\Program Files (x86)\Intel\iCLS Client\;C:\Program Files\Intel\iCLS Client\;C:\Windows\system32;C:\Windows;C:\Windows\System32\Wbem;C:\Windows\System32\WindowsPowerShell\v1.0\;C:\Program Files\Intel\Intel(R) Management Engine Components\DAL;C:\Program Files\Intel\Intel(R) Management Engine Components\IPT;C:\Program Files (x86)\Intel\Intel(R) Management Engine Components\DAL;%M2_HOME%\bin;C:\Program Files (x86)\Intel\Intel(R) Management Engine Components\IPT;C:\Program Files\Git\cmd.;C:\Program Files\apache-maven-3.3.9\bin;%CATALINA_HOME%;%JAVA_HOME%\bin;C:\Program Files (x86)\Skype\Phone\;C:\Program Files (x86)\galen-bin-2.3.1\;C:\Users\kanikasharma\Downloads\eclipse-jee-mars-2-win32-x86_64\eclipse;
USERNAME=kanikasharma
OS=Windows_NT
PROCESSOR_IDENTIFIER=Intel64 Family 6 Model 60 Stepping 3, GenuineIntel



---------------  S Y S T E M  ---------------

OS: Windows 8.1 , 64 bit Build 9600 (6.3.9600.17415)

CPU:total 4 (2 cores per cpu, 2 threads per core) family 6 model 60 stepping 3, cmov, cx8, fxsr, mmx, sse, sse2, sse3, ssse3, sse4.1, sse4.2, popcnt, avx, avx2, aes, clmul, erms, lzcnt, ht, tsc, tscinvbit, bmi1, bmi2

Memory: 4k page, physical 8254472k(980392k free), swap 11400200k(4632k free)

vm_info: Java HotSpot(TM) 64-Bit Server VM (25.111-b14) for windows-amd64 JRE (1.8.0_111-b14), built on Sep 22 2016 19:24:05 by "java_re" with MS VC++ 10.0 (VS2010)

time: Thu Apr 13 13:13:44 2017
elapsed time: 38 seconds (0d 0h 0m 38s)

